SF:lib/core/error/failures.dart
DA:5,3
DA:7,0
DA:8,0
DA:13,3
DA:15,3
DA:22,3
DA:23,3
LF:7
LH:5
end_of_record
SF:lib/features/auth/domain/usecases/logout_usecase.dart
DA:23,0
DA:24,0
DA:25,0
DA:31,1
DA:34,1
DA:36,2
LF:6
LH:3
end_of_record
SF:lib/common/my_snackbar.dart
DA:3,0
DA:8,0
DA:10,0
DA:11,0
DA:12,0
LF:5
LH:0
end_of_record
SF:lib/core/api/api.dart
DA:4,0
LF:1
LH:0
end_of_record
SF:lib/core/api/api_client.dart
DA:11,0
DA:12,0
DA:18,0
DA:19,0
DA:20,0
DA:21,0
DA:24,0
DA:32,0
DA:35,0
DA:36,0
DA:37,0
DA:40,0
DA:43,0
DA:44,0
DA:45,0
DA:52,0
DA:53,0
DA:65,0
DA:68,0
DA:73,0
DA:77,0
DA:83,0
DA:92,0
DA:98,0
DA:107,0
DA:113,0
DA:122,0
DA:128,0
DA:137,0
DA:143,0
DA:161,0
DA:162,0
DA:165,0
DA:170,0
DA:171,0
DA:172,0
DA:173,0
DA:174,0
DA:178,0
DA:181,0
DA:183,0
DA:184,0
DA:185,0
DA:187,0
LF:44
LH:0
end_of_record
SF:lib/core/api/api_endpoints.dart
DA:6,0
DA:52,0
DA:53,0
DA:57,0
DA:60,0
DA:61,0
DA:65,0
DA:68,0
DA:71,0
DA:73,0
DA:76,0
DA:81,0
DA:84,0
DA:85,0
DA:87,0
DA:88,0
DA:96,0
DA:97,0
DA:98,0
DA:101,0
DA:102,0
DA:103,0
DA:105,0
DA:106,0
DA:109,0
DA:115,0
DA:116,0
DA:117,0
DA:118,0
DA:119,0
DA:121,0
DA:125,0
DA:126,0
DA:127,0
DA:128,0
DA:135,0
DA:139,0
DA:140,0
DA:141,0
DA:142,0
DA:149,0
DA:159,0
DA:160,0
DA:165,0
DA:179,0
DA:180,0
DA:181,0
DA:182,0
DA:183,0
DA:187,0
DA:188,0
DA:189,0
DA:190,0
DA:193,0
DA:194,0
DA:195,0
DA:196,0
DA:197,0
DA:198,0
DA:199,0
DA:203,0
DA:209,0
DA:210,0
DA:211,0
DA:212,0
DA:213,0
DA:214,0
DA:223,0
DA:224,0
DA:225,0
DA:226,0
DA:227,0
DA:228,0
DA:229,0
DA:230,0
DA:231,0
DA:232,0
DA:233,0
DA:234,0
DA:238,0
DA:239,0
DA:240,0
DA:241,0
DA:246,0
DA:247,0
DA:248,0
DA:249,0
DA:250,0
DA:252,0
DA:253,0
DA:254,0
DA:255,0
DA:258,0
DA:259,0
LF:94
LH:0
end_of_record
SF:lib/core/constants/hive_table_constant.dart
DA:2,0
LF:1
LH:0
end_of_record
SF:lib/core/routes/app_routes.dart
DA:5,0
DA:8,1
DA:9,3
DA:13,0
DA:14,0
DA:18,0
DA:19,0
DA:21,0
DA:22,0
DA:27,0
DA:28,0
DA:32,0
DA:33,0
LF:13
LH:2
end_of_record
SF:lib/core/services/ai_services.dart
DA:8,0
DA:9,0
DA:16,0
DA:18,0
DA:20,0
DA:22,0
DA:24,0
DA:25,0
DA:26,0
DA:33,0
DA:34,0
DA:35,0
DA:38,0
DA:39,0
DA:40,0
DA:42,0
LF:16
LH:0
end_of_record
SF:lib/core/services/connectivity/network_info.dart
DA:8,0
DA:9,0
DA:15,0
DA:17,0
DA:19,0
DA:20,0
LF:6
LH:0
end_of_record
SF:lib/core/services/hive/app_cache_service.dart
DA:5,0
DA:6,0
DA:10,0
DA:12,0
DA:17,0
DA:18,0
DA:20,0
DA:21,0
DA:22,0
DA:24,0
DA:27,0
DA:28,0
DA:34,0
DA:40,0
DA:41,0
DA:42,0
DA:47,0
DA:48,0
DA:51,0
DA:52,0
DA:53,0
LF:21
LH:0
end_of_record
SF:lib/core/services/hive/hive_service.dart
DA:213,0
DA:214,0
DA:218,0
DA:219,0
DA:220,0
DA:221,0
DA:222,0
DA:223,0
DA:226,0
DA:227,0
DA:228,0
DA:232,0
DA:233,0
DA:234,0
DA:237,0
DA:238,0
DA:319,0
DA:320,0
DA:325,0
DA:327,0
DA:328,0
DA:336,0
DA:337,0
DA:341,0
DA:343,0
DA:350,0
DA:351,0
DA:352,0
DA:359,0
DA:360,0
LF:30
LH:0
end_of_record
SF:lib/features/auth/data/models/auth_hive_model.dart
DA:29,0
DA:39,0
DA:42,0
DA:43,0
DA:44,0
DA:45,0
DA:46,0
DA:47,0
DA:48,0
DA:49,0
DA:50,0
DA:51,0
DA:52,0
DA:56,0
DA:57,0
DA:58,0
DA:59,0
DA:60,0
DA:61,0
DA:62,0
DA:63,0
DA:64,0
DA:65,0
DA:66,0
DA:71,0
DA:72,0
LF:26
LH:0
end_of_record
SF:lib/features/auth/data/models/auth_hive_model.g.dart
DA:13,0
DA:15,0
DA:16,0
DA:17,0
DA:19,0
DA:20,0
DA:21,0
DA:22,0
DA:23,0
DA:24,0
DA:25,0
DA:26,0
DA:27,0
DA:28,0
DA:32,0
DA:35,0
DA:36,0
DA:37,0
DA:38,0
DA:39,0
DA:40,0
DA:41,0
DA:42,0
DA:43,0
DA:44,0
DA:45,0
DA:46,0
DA:47,0
DA:48,0
DA:49,0
DA:50,0
DA:51,0
DA:52,0
DA:53,0
DA:56,0
DA:57,0
DA:59,0
DA:62,0
DA:63,0
DA:64,0
LF:40
LH:0
end_of_record
SF:lib/core/services/storage/token_service.dart
DA:5,0
DA:6,0
DA:16,0
DA:19,0
DA:20,0
DA:23,0
DA:24,0
DA:27,0
DA:28,0
DA:31,0
DA:32,0
DA:35,0
DA:36,0
DA:39,0
DA:40,0
DA:44,0
DA:45,0
DA:48,0
DA:49,0
DA:53,0
DA:54,0
DA:57,0
DA:58,0
DA:59,0
LF:24
LH:0
end_of_record
SF:lib/core/services/storage/user_session_service.dart
DA:5,0
DA:6,0
DA:10,3
DA:11,0
DA:12,0
DA:129,0
DA:131,0
DA:141,0
DA:142,0
DA:143,0
DA:144,0
DA:145,0
DA:146,0
DA:149,0
DA:152,0
DA:155,0
DA:160,0
DA:161,0
DA:165,0
DA:166,0
DA:170,0
DA:171,0
DA:175,0
DA:176,0
DA:180,0
DA:181,0
DA:185,0
DA:186,0
DA:190,0
DA:191,0
DA:195,0
DA:196,0
DA:200,0
DA:201,0
DA:205,0
DA:206,0
DA:207,0
DA:209,0
DA:216,0
DA:217,0
DA:218,0
DA:219,0
DA:220,0
DA:221,0
DA:222,0
DA:223,0
DA:224,0
DA:225,0
LF:48
LH:1
end_of_record
SF:lib/core/utils/responsive.dart
DA:4,0
DA:5,0
DA:6,0
DA:8,0
DA:9,0
DA:10,0
DA:12,0
DA:18,0
DA:19,0
DA:22,0
DA:24,0
DA:25,0
DA:26,0
DA:27,0
LF:14
LH:0
end_of_record
SF:lib/core/utils/snackbar_utils.dart
DA:5,0
DA:6,0
DA:14,0
DA:15,0
DA:23,0
DA:24,0
DA:32,0
DA:33,0
DA:41,0
DA:47,0
DA:48,0
DA:49,0
DA:50,0
DA:51,0
DA:53,0
DA:54,0
DA:67,0
LF:17
LH:0
end_of_record
SF:lib/core/utils/top_popup.dart
DA:5,0
DA:12,0
DA:13,0
DA:16,0
DA:17,0
DA:18,0
DA:21,0
DA:22,0
DA:24,0
DA:25,0
DA:27,0
DA:36,0
DA:38,0
DA:39,0
DA:40,0
DA:42,0
DA:43,0
DA:63,0
DA:64,0
DA:65,0
LF:20
LH:0
end_of_record
SF:lib/core/widgets/my_elevated_button.dart
DA:4,5
DA:18,5
DA:20,5
DA:22,5
DA:23,5
DA:24,5
DA:27,10
DA:28,5
DA:30,5
DA:31,5
LF:10
LH:10
end_of_record
SF:lib/core/widgets/my_outline_button.dart
DA:4,0
DA:19,0
DA:21,0
DA:23,0
DA:24,0
DA:25,0
DA:26,0
DA:28,0
DA:29,0
DA:32,0
DA:33,0
DA:34,0
DA:35,0
DA:36,0
LF:14
LH:0
end_of_record
SF:lib/core/widgets/my_text_button.dart
DA:4,1
DA:17,1
DA:19,1
DA:20,1
DA:21,1
DA:22,1
DA:23,1
DA:24,1
DA:25,1
LF:9
LH:9
end_of_record
SF:lib/core/widgets/my_text_field.dart
DA:4,1
DA:23,1
DA:24,1
DA:30,1
DA:32,1
DA:33,3
DA:36,1
DA:38,1
DA:39,2
DA:40,2
DA:41,1
DA:42,1
DA:43,2
DA:44,4
DA:45,2
DA:46,2
DA:47,0
DA:48,0
DA:49,0
DA:51,0
DA:52,0
DA:53,0
DA:58,1
DA:59,1
DA:62,0
DA:63,0
DA:64,0
LF:27
LH:18
end_of_record
SF:lib/features/addPost/presentation/pages/add_post_screen.dart
DA:10,3
DA:13,0
DA:14,0
DA:26,0
DA:28,0
DA:29,0
DA:32,0
DA:33,0
DA:40,0
DA:41,0
DA:42,0
DA:46,0
DA:47,0
DA:53,0
DA:54,0
DA:55,0
DA:59,0
DA:60,0
DA:62,0
DA:63,0
DA:64,0
DA:67,0
DA:69,0
DA:70,0
DA:78,0
DA:79,0
DA:82,0
DA:83,0
DA:84,0
DA:86,0
DA:88,0
DA:89,0
DA:94,0
DA:96,0
DA:97,0
DA:98,0
DA:102,0
DA:108,0
DA:109,0
DA:113,0
DA:114,0
DA:115,0
DA:116,0
DA:120,0
DA:122,0
DA:123,0
DA:127,0
DA:128,0
DA:130,0
DA:131,0
DA:132,0
DA:134,0
DA:135,0
DA:137,0
DA:139,0
DA:142,0
DA:145,0
DA:147,0
DA:148,0
DA:150,0
DA:159,0
DA:160,0
DA:161,0
DA:162,0
DA:183,0
DA:187,0
DA:188,0
DA:189,0
DA:190,0
DA:191,0
DA:197,0
DA:198,0
DA:199,0
DA:205,0
DA:206,0
DA:207,0
DA:215,0
DA:216,0
DA:219,0
DA:222,0
DA:223,0
DA:226,0
DA:231,0
DA:232,0
DA:233,0
DA:234,0
DA:235,0
DA:240,0
DA:241,0
DA:242,0
DA:243,0
DA:247,0
LF:92
LH:1
end_of_record
SF:lib/features/post/presentation/view_model/post_view_model.dart
DA:16,0
DA:31,0
DA:33,0
DA:34,0
DA:35,0
DA:36,0
DA:37,0
DA:38,0
DA:39,0
DA:40,0
DA:41,0
DA:46,0
DA:51,0
DA:52,0
DA:55,0
DA:56,0
DA:58,0
DA:59,0
DA:60,0
DA:62,0
DA:65,0
DA:66,0
DA:75,0
DA:81,0
DA:82,0
DA:85,0
DA:86,0
DA:89,0
DA:90,0
DA:91,0
DA:94,0
DA:95,0
DA:100,0
DA:105,0
DA:110,0
DA:112,0
DA:113,0
DA:116,0
DA:117,0
DA:118,0
DA:120,0
DA:123,0
DA:124,0
DA:133,0
DA:134,0
DA:136,0
DA:137,0
DA:140,0
DA:141,0
DA:142,0
DA:144,0
DA:148,0
DA:149,0
DA:155,0
DA:160,0
DA:162,0
DA:163,0
DA:166,0
DA:167,0
DA:168,0
DA:170,0
DA:174,0
DA:175,0
DA:176,0
DA:182,0
DA:183,0
DA:185,0
DA:187,0
DA:188,0
DA:189,0
DA:191,0
DA:195,0
DA:196,0
DA:197,0
DA:198,0
DA:199,0
DA:200,0
DA:201,0
DA:203,0
DA:214,0
DA:215,0
DA:217,0
DA:218,0
DA:219,0
DA:221,0
DA:225,0
DA:226,0
DA:227,0
DA:233,0
DA:234,0
DA:236,0
DA:237,0
DA:238,0
DA:240,0
DA:242,0
DA:244,0
DA:245,0
DA:246,0
DA:248,0
DA:250,0
DA:260,0
DA:264,0
DA:265,0
DA:266,0
DA:273,0
DA:274,0
DA:277,0
DA:278,0
DA:279,0
DA:281,0
DA:285,0
DA:291,0
DA:292,0
DA:298,0
DA:302,0
DA:303,0
DA:306,0
DA:307,0
DA:308,0
DA:310,0
DA:314,0
DA:320,0
DA:321,0
DA:327,0
DA:328,0
DA:329,0
DA:330,0
DA:332,0
DA:333,0
DA:334,0
DA:336,0
LF:131
LH:0
end_of_record
SF:lib/features/auth/data/models/auth_api_model.dart
DA:15,0
DA:29,0
DA:30,0
DA:31,0
DA:32,0
DA:33,0
DA:34,0
DA:35,0
DA:36,0
DA:39,0
DA:40,0
DA:41,0
DA:43,0
DA:44,0
DA:46,0
DA:47,0
DA:49,0
DA:50,0
DA:57,0
DA:58,0
DA:59,0
DA:60,0
DA:61,0
DA:62,0
DA:63,0
DA:64,0
DA:65,0
DA:66,0
DA:67,0
DA:68,0
DA:73,0
DA:74,0
DA:75,0
DA:76,0
DA:77,0
DA:78,0
DA:79,0
DA:80,0
DA:81,0
DA:82,0
DA:83,0
DA:88,0
DA:89,0
DA:90,0
DA:91,0
DA:92,0
DA:93,0
DA:94,0
DA:95,0
DA:96,0
DA:97,0
DA:98,0
DA:103,0
DA:104,0
LF:54
LH:0
end_of_record
SF:lib/features/auth/data/datasources/local/auth_local_datsource.dart
DA:11,0
DA:12,0
DA:13,0
DA:14,0
DA:17,0
DA:26,0
DA:34,0
DA:46,0
DA:49,0
DA:53,0
DA:54,0
DA:56,0
DA:57,0
DA:58,0
DA:59,0
DA:60,0
DA:61,0
DA:62,0
DA:63,0
DA:64,0
DA:69,0
DA:73,0
DA:84,0
DA:85,0
DA:92,0
DA:107,0
DA:112,0
DA:118,0
DA:147,0
DA:150,0
DA:157,0
DA:160,0
DA:166,0
DA:169,0
DA:175,0
DA:178,0
LF:36
LH:0
end_of_record
SF:lib/features/auth/data/datasources/remote/auth_remote_datasource.dart
DA:13,0
DA:14,0
DA:15,0
DA:16,0
DA:17,0
DA:26,0
DA:34,0
DA:36,0
DA:38,0
DA:41,0
DA:42,0
DA:43,0
DA:46,0
DA:47,0
DA:48,0
DA:49,0
DA:50,0
DA:51,0
DA:53,0
DA:54,0
DA:60,0
DA:62,0
DA:64,0
DA:67,0
DA:68,0
DA:69,0
DA:75,0
DA:77,0
DA:78,0
DA:79,0
DA:80,0
DA:84,0
DA:85,0
DA:87,0
DA:89,0
DA:90,0
DA:91,0
DA:97,0
DA:98,0
DA:99,0
DA:101,0
DA:102,0
DA:103,0
DA:108,0
DA:118,0
DA:119,0
DA:120,0
DA:121,0
DA:122,0
DA:123,0
DA:124,0
DA:126,0
DA:127,0
DA:128,0
DA:131,0
DA:132,0
DA:133,0
DA:137,0
DA:140,0
DA:141,0
DA:146,0
DA:147,0
DA:148,0
DA:192,0
DA:194,0
DA:195,0
DA:197,0
DA:198,0
DA:199,0
DA:204,0
DA:207,0
DA:208,0
DA:214,0
DA:216,0
DA:217,0
DA:223,0
DA:225,0
DA:226,0
DA:228,0
DA:229,0
DA:232,0
DA:235,0
DA:236,0
DA:242,0
DA:244,0
DA:245,0
DA:251,0
DA:253,0
DA:255,0
DA:259,0
DA:264,0
DA:266,0
DA:270,0
DA:272,0
DA:273,0
DA:274,0
DA:278,0
DA:284,0
DA:286,0
DA:290,0
DA:296,0
DA:298,0
DA:299,0
DA:300,0
DA:301,0
DA:305,0
DA:307,0
DA:308,0
LF:108
LH:0
end_of_record
SF:lib/features/auth/domain/entities/auth_entity.dart
DA:12,3
DA:24,1
DA:35,1
DA:36,1
DA:37,1
DA:38,1
DA:39,1
DA:40,1
DA:41,1
DA:42,1
DA:43,1
DA:44,1
LF:12
LH:12
end_of_record
SF:lib/features/auth/data/repositories/auth_repository.dart
DA:18,0
DA:20,0
DA:21,0
DA:22,0
DA:23,0
DA:27,0
DA:37,0
DA:49,0
DA:50,0
DA:52,0
DA:53,0
DA:54,0
DA:56,0
DA:57,0
DA:58,0
DA:59,0
DA:60,0
DA:61,0
DA:62,0
DA:63,0
DA:64,0
DA:65,0
DA:66,0
DA:67,0
DA:73,0
DA:74,0
DA:75,0
DA:76,0
DA:77,0
DA:78,0
DA:79,0
DA:80,0
DA:81,0
DA:82,0
DA:83,0
DA:84,0
DA:85,0
DA:86,0
DA:87,0
DA:92,0
DA:94,0
DA:95,0
DA:97,0
DA:100,0
DA:103,0
DA:105,0
DA:107,0
DA:108,0
DA:109,0
DA:111,0
DA:113,0
DA:115,0
DA:118,0
DA:119,0
DA:121,0
DA:123,0
DA:125,0
DA:126,0
DA:127,0
DA:128,0
DA:132,0
DA:134,0
DA:136,0
DA:138,0
DA:142,0
DA:144,0
DA:146,0
DA:149,0
DA:150,0
DA:151,0
DA:153,0
DA:154,0
DA:155,0
DA:157,0
DA:159,0
DA:164,0
DA:174,0
DA:179,0
DA:193,0
DA:194,0
DA:195,0
DA:196,0
DA:197,0
DA:198,0
DA:199,0
DA:200,0
DA:204,0
DA:208,0
DA:213,0
DA:215,0
DA:217,0
DA:218,0
DA:221,0
DA:222,0
DA:223,0
DA:224,0
DA:225,0
DA:229,0
DA:233,0
DA:235,0
DA:236,0
DA:238,0
DA:240,0
DA:245,0
DA:248,0
DA:250,0
DA:251,0
DA:252,0
DA:253,0
DA:254,0
DA:255,0
DA:256,0
DA:257,0
DA:258,0
DA:261,0
DA:263,0
DA:267,0
DA:269,0
DA:271,0
DA:272,0
DA:276,0
DA:277,0
DA:278,0
DA:279,0
DA:280,0
DA:281,0
DA:285,0
DA:289,0
DA:296,0
DA:297,0
DA:298,0
DA:299,0
DA:300,0
DA:301,0
DA:302,0
DA:303,0
DA:304,0
DA:306,0
DA:312,0
DA:314,0
DA:319,0
DA:321,0
DA:323,0
DA:325,0
DA:332,0
DA:334,0
DA:341,0
DA:343,0
DA:345,0
DA:347,0
DA:354,0
DA:356,0
DA:363,0
DA:365,0
DA:367,0
DA:369,0
DA:370,0
DA:371,0
DA:373,0
DA:374,0
DA:378,0
DA:385,0
DA:390,0
DA:392,0
DA:397,0
DA:398,0
DA:399,0
DA:400,0
DA:401,0
DA:405,0
DA:412,0
DA:417,0
DA:419,0
DA:421,0
DA:422,0
DA:423,0
DA:424,0
DA:425,0
DA:429,0
DA:436,0
DA:442,0
DA:444,0
DA:450,0
DA:451,0
DA:452,0
DA:453,0
DA:454,0
DA:458,0
DA:465,0
DA:471,0
DA:476,0
DA:481,0
DA:482,0
DA:483,0
DA:484,0
DA:485,0
DA:486,0
DA:490,0
LF:198
LH:0
end_of_record
SF:lib/features/auth/domain/usecases/forgot_password_usecase.dart
DA:7,0
DA:8,0
DA:14,1
DA:16,1
DA:17,2
DA:20,1
DA:24,2
LF:7
LH:5
end_of_record
SF:lib/features/auth/domain/usecases/get_current_usecase.dart
DA:13,1
DA:15,0
DA:16,0
DA:20,0
DA:21,0
DA:22,0
DA:29,1
DA:32,1
DA:36,3
LF:9
LH:4
end_of_record
SF:lib/features/auth/domain/usecases/login_usecase.dart
DA:14,0
DA:16,0
DA:17,0
DA:21,0
DA:22,0
DA:23,0
DA:30,1
DA:33,1
DA:35,4
LF:9
LH:3
end_of_record
SF:lib/features/auth/domain/usecases/register_usecase.dart
DA:20,0
DA:31,0
DA:32,0
DA:33,0
DA:34,0
DA:35,0
DA:36,0
DA:37,0
DA:38,0
DA:39,0
DA:40,0
DA:45,0
DA:46,0
DA:47,0
DA:54,1
DA:57,1
DA:59,1
DA:60,1
DA:61,1
DA:62,1
DA:63,1
DA:64,1
DA:65,1
DA:66,1
DA:67,1
DA:69,2
LF:26
LH:12
end_of_record
SF:lib/features/auth/domain/usecases/reset_password_usecase.dart
DA:7,0
DA:8,0
DA:14,1
DA:16,1
DA:20,2
DA:23,1
DA:28,2
LF:7
LH:5
end_of_record
SF:lib/features/auth/domain/usecases/search_users_usecase.dart
DA:15,3
DA:17,0
DA:18,0
DA:21,0
DA:22,0
DA:29,1
DA:32,1
DA:34,2
DA:35,1
DA:36,1
DA:37,1
LF:11
LH:7
end_of_record
SF:lib/features/auth/domain/usecases/update_profile_usecase.dart
DA:21,1
DA:31,0
DA:32,0
DA:33,0
DA:34,0
DA:35,0
DA:36,0
DA:37,0
DA:38,0
DA:39,0
DA:43,0
DA:44,0
DA:45,0
DA:52,1
DA:55,1
DA:57,2
DA:58,1
DA:59,1
DA:60,1
DA:61,1
DA:62,1
DA:63,1
DA:64,1
LF:23
LH:11
end_of_record
SF:lib/features/auth/domain/usecases/upload_cover_image_usecase.dart
DA:10,0
DA:11,0
DA:12,0
DA:17,1
DA:19,1
DA:21,2
LF:6
LH:3
end_of_record
SF:lib/features/auth/domain/usecases/upload_profile_image_usecase.dart
DA:10,0
DA:13,0
DA:14,0
DA:19,1
DA:21,1
DA:23,2
LF:6
LH:3
end_of_record
SF:lib/features/auth/presentation/pages/forget_password/forget_password_new_password.dart
DA:258,0
DA:265,1
DA:267,1
DA:277,1
DA:279,2
DA:280,2
DA:281,1
DA:284,1
DA:286,3
DA:287,3
DA:288,3
DA:289,1
DA:290,1
DA:291,1
DA:292,3
DA:293,1
DA:295,1
DA:297,1
DA:298,1
DA:299,1
DA:300,1
DA:301,1
DA:302,1
DA:303,1
DA:306,1
DA:307,1
DA:309,1
DA:310,1
DA:311,1
DA:318,1
DA:325,1
DA:328,1
DA:330,1
DA:333,1
DA:334,1
DA:335,1
DA:343,1
DA:346,1
DA:348,1
DA:355,1
DA:358,1
DA:359,1
DA:360,1
DA:362,1
DA:363,1
DA:364,1
DA:366,1
DA:367,1
DA:368,1
DA:369,1
DA:376,1
DA:377,1
DA:378,1
DA:379,1
DA:385,1
DA:386,1
DA:387,1
DA:389,1
DA:395,1
DA:397,1
DA:398,1
DA:404,1
DA:406,1
DA:413,1
DA:416,1
DA:417,1
DA:421,1
DA:424,1
DA:425,1
DA:430,1
DA:433,1
DA:436,1
DA:438,1
DA:446,1
DA:448,1
DA:449,1
DA:455,1
DA:456,0
DA:457,0
DA:460,0
DA:470,0
DA:471,0
DA:472,0
DA:480,0
DA:481,0
DA:482,0
DA:484,0
DA:494,0
DA:495,0
DA:496,0
DA:498,0
DA:500,0
DA:501,0
DA:502,0
DA:505,0
DA:506,0
DA:507,0
DA:509,0
DA:512,0
DA:513,0
DA:514,0
DA:518,0
DA:519,0
DA:521,0
DA:523,0
DA:524,0
DA:530,0
DA:532,0
DA:533,0
DA:536,0
DA:538,0
DA:539,0
DA:542,0
DA:559,1
DA:571,1
DA:574,1
DA:580,0
DA:581,0
DA:583,0
DA:584,0
LF:120
LH:79
end_of_record
SF:lib/features/auth/presentation/pages/forget_password/forget_password_screen.dart
DA:278,3
DA:280,1
DA:282,1
DA:289,1
DA:291,3
DA:292,1
DA:294,1
DA:296,1
DA:297,1
DA:298,1
DA:299,1
DA:300,1
DA:301,1
DA:302,1
DA:305,1
DA:306,1
DA:308,1
DA:309,1
DA:310,1
DA:317,1
DA:324,1
DA:327,1
DA:329,1
DA:332,1
DA:333,1
DA:334,1
DA:342,1
DA:345,1
DA:347,1
DA:354,1
DA:357,1
DA:358,1
DA:359,1
DA:361,1
DA:362,1
DA:363,1
DA:365,1
DA:366,1
DA:367,1
DA:368,1
DA:375,1
DA:376,1
DA:377,1
DA:378,1
DA:384,1
DA:385,1
DA:386,1
DA:388,1
DA:397,1
DA:398,1
DA:405,1
DA:407,1
DA:419,1
DA:420,1
DA:423,1
DA:431,0
DA:432,0
DA:434,0
DA:435,0
DA:436,0
DA:437,0
DA:439,0
DA:440,0
DA:443,0
DA:445,0
DA:451,0
DA:453,0
DA:454,0
DA:455,0
DA:456,0
DA:457,0
DA:461,0
DA:463,0
DA:466,0
DA:479,1
DA:487,0
DA:488,0
DA:490,0
DA:491,0
DA:507,1
DA:510,1
DA:516,0
DA:517,0
DA:519,0
LF:84
LH:58
end_of_record
SF:lib/features/auth/presentation/pages/login_screen.dart
DA:20,3
DA:22,0
DA:23,0
DA:38,0
DA:40,0
DA:41,0
DA:42,0
DA:47,0
DA:48,0
DA:50,0
DA:51,0
DA:52,0
DA:53,0
DA:54,0
DA:55,0
DA:56,0
DA:57,0
DA:58,0
DA:59,0
DA:60,0
DA:61,0
DA:62,0
DA:63,0
DA:64,0
DA:65,0
DA:68,0
DA:69,0
DA:70,0
DA:74,0
DA:75,0
DA:80,0
DA:81,0
DA:82,0
DA:83,0
DA:84,0
DA:88,0
DA:89,0
DA:90,0
DA:91,0
DA:93,0
DA:97,0
DA:98,0
DA:99,0
DA:103,0
DA:104,0
DA:106,0
DA:107,0
DA:110,0
DA:112,0
DA:113,0
DA:114,0
DA:115,0
DA:116,0
DA:119,0
DA:120,0
DA:121,0
DA:122,0
DA:123,0
DA:124,0
DA:125,0
DA:130,0
DA:131,0
DA:132,0
DA:135,0
DA:136,0
DA:137,0
DA:139,0
DA:140,0
DA:141,0
DA:146,0
DA:147,0
DA:148,0
DA:149,0
DA:150,0
DA:151,0
DA:156,0
DA:157,0
DA:158,0
DA:159,0
DA:160,0
DA:163,0
DA:165,0
DA:166,0
DA:167,0
DA:170,0
DA:171,0
DA:172,0
DA:178,0
DA:180,0
DA:181,0
DA:183,0
DA:184,0
DA:189,0
DA:190,0
DA:191,0
DA:192,0
DA:196,0
DA:198,0
DA:199,0
DA:200,0
DA:204,0
DA:206,0
DA:207,0
DA:209,0
DA:210,0
DA:212,0
DA:214,0
DA:215,0
DA:216,0
DA:217,0
DA:218,0
DA:220,0
DA:221,0
DA:223,0
DA:224,0
DA:225,0
DA:232,0
DA:239,0
DA:241,0
DA:243,0
DA:246,0
DA:247,0
DA:248,0
DA:256,0
DA:258,0
DA:260,0
DA:267,0
DA:269,0
DA:270,0
DA:271,0
DA:273,0
DA:274,0
DA:275,0
DA:277,0
DA:278,0
DA:279,0
DA:280,0
DA:287,0
DA:288,0
DA:289,0
DA:290,0
DA:296,0
DA:297,0
DA:298,0
DA:300,0
DA:306,0
DA:308,0
DA:309,0
DA:321,0
DA:322,0
DA:325,0
DA:332,0
DA:334,0
DA:335,0
DA:336,0
DA:337,0
DA:346,0
DA:347,0
DA:348,0
DA:352,0
DA:353,0
DA:354,0
DA:359,0
DA:360,0
DA:363,0
DA:370,0
DA:372,0
DA:374,0
DA:375,0
DA:376,0
DA:378,0
DA:381,0
DA:382,0
DA:389,0
DA:390,0
DA:395,0
DA:418,0
DA:419,0
DA:421,0
DA:423,0
DA:424,0
DA:429,0
DA:430,0
DA:433,0
DA:452,0
DA:453,0
DA:454,0
DA:455,0
DA:456,0
DA:458,0
DA:475,0
DA:477,0
DA:478,0
DA:483,0
DA:485,0
DA:486,0
DA:492,0
DA:493,0
LF:198
LH:1
end_of_record
SF:lib/features/auth/presentation/state/auth_state.dart
DA:30,3
DA:39,0
DA:47,0
DA:56,0
DA:57,0
DA:58,0
DA:61,0
DA:62,0
DA:63,0
DA:67,0
DA:68,0
DA:69,0
DA:70,0
DA:71,0
DA:72,0
DA:73,0
DA:74,0
DA:77,0
DA:79,0
LF:19
LH:1
end_of_record
SF:lib/features/auth/presentation/view_model/auth_view_model.dart
DA:16,0
DA:32,0
DA:34,0
DA:35,0
DA:36,0
DA:37,0
DA:38,0
DA:39,0
DA:40,0
DA:41,0
DA:42,0
DA:43,0
DA:48,0
DA:49,0
DA:51,0
DA:52,0
DA:55,0
DA:56,0
DA:57,0
DA:59,0
DA:62,0
DA:63,0
DA:68,0
DA:78,0
DA:80,0
DA:81,0
DA:93,0
DA:94,0
DA:95,0
DA:97,0
DA:100,0
DA:101,0
DA:106,0
DA:107,0
DA:109,0
DA:111,0
DA:112,0
DA:113,0
DA:115,0
DA:118,0
DA:119,0
DA:124,0
DA:125,0
DA:126,0
DA:127,0
DA:129,0
DA:130,0
DA:131,0
DA:133,0
DA:136,0
DA:137,0
DA:145,0
DA:146,0
DA:148,0
DA:150,0
DA:151,0
DA:152,0
DA:154,0
DA:157,0
DA:158,0
DA:166,0
DA:167,0
DA:169,0
DA:171,0
DA:172,0
DA:173,0
DA:175,0
DA:178,0
DA:179,0
DA:187,0
DA:188,0
DA:190,0
DA:192,0
DA:193,0
DA:194,0
DA:196,0
DA:199,0
DA:200,0
DA:205,0
DA:209,0
DA:210,0
DA:215,0
DA:216,0
DA:217,0
DA:219,0
DA:222,0
DA:223,0
DA:228,0
DA:232,0
DA:234,0
DA:239,0
DA:240,0
DA:241,0
DA:243,0
DA:246,0
DA:247,0
DA:252,0
DA:257,0
DA:259,0
DA:265,0
DA:266,0
DA:267,0
DA:269,0
DA:272,0
DA:273,0
DA:278,0
DA:279,0
DA:284,0
DA:285,0
DA:288,0
DA:289,0
DA:290,0
DA:292,0
DA:296,0
DA:297,0
DA:306,0
DA:315,0
DA:317,0
DA:318,0
DA:329,0
DA:330,0
DA:331,0
DA:333,0
DA:336,0
DA:337,0
LF:125
LH:0
end_of_record
SF:lib/features/auth/presentation/pages/forget_password/forget_password_pin_screen.dart
DA:15,0
DA:17,1
DA:19,1
DA:27,1
DA:29,3
DA:30,1
DA:32,1
DA:34,1
DA:35,1
DA:36,1
DA:37,1
DA:38,1
DA:39,1
DA:40,1
DA:41,1
DA:42,1
DA:44,1
DA:45,1
DA:46,1
DA:53,1
DA:59,1
DA:60,1
DA:62,1
DA:65,1
DA:66,1
DA:67,1
DA:74,1
DA:75,1
DA:77,1
DA:83,1
DA:84,1
DA:85,1
DA:86,1
DA:88,1
DA:89,1
DA:90,1
DA:92,1
DA:93,1
DA:94,1
DA:95,1
DA:102,1
DA:103,1
DA:104,1
DA:105,1
DA:111,1
DA:112,1
DA:113,1
DA:115,1
DA:120,1
DA:121,1
DA:122,1
DA:128,1
DA:129,3
DA:130,1
DA:138,1
DA:139,1
DA:140,1
DA:143,1
DA:153,1
DA:154,1
DA:156,1
DA:158,1
DA:172,0
DA:175,1
DA:176,1
DA:177,1
DA:183,1
DA:184,0
DA:185,0
DA:186,0
DA:187,0
DA:188,0
DA:189,0
DA:190,0
DA:192,0
DA:194,0
DA:199,0
DA:201,0
DA:204,0
DA:220,1
DA:221,1
DA:227,1
DA:228,0
DA:229,0
DA:230,0
DA:239,0
DA:240,0
DA:241,0
DA:242,0
DA:243,0
DA:245,0
DA:246,0
DA:247,0
DA:249,0
DA:250,0
DA:253,0
DA:260,0
DA:262,0
DA:263,0
DA:264,0
DA:265,0
DA:266,0
DA:290,1
DA:293,1
DA:299,0
DA:300,0
DA:302,0
DA:303,0
LF:108
LH:70
end_of_record
SF:lib/features/dashboard/presentation/pages/dashboard_screen.dart
DA:400,3
DA:402,0
DA:403,0
DA:428,0
DA:430,0
DA:431,0
DA:432,0
DA:433,0
DA:434,0
DA:435,0
DA:436,0
DA:438,0
DA:439,0
DA:440,0
DA:441,0
DA:446,0
DA:448,0
DA:449,0
DA:450,0
DA:451,0
DA:452,0
DA:453,0
DA:454,0
DA:455,0
DA:456,0
DA:459,0
DA:460,0
DA:461,0
DA:462,0
DA:466,0
DA:467,0
DA:468,0
DA:469,0
DA:474,0
DA:475,0
DA:476,0
DA:478,0
DA:479,0
DA:487,0
DA:488,0
DA:489,0
DA:490,0
DA:493,0
DA:494,0
DA:499,0
DA:501,0
DA:504,0
DA:505,0
DA:506,0
DA:508,0
DA:509,0
DA:510,0
DA:511,0
DA:512,0
DA:513,0
DA:515,0
DA:516,0
DA:517,0
DA:518,0
DA:519,0
DA:520,0
DA:521,0
DA:522,0
DA:523,0
DA:526,0
DA:527,0
DA:528,0
DA:530,0
DA:531,0
DA:533,0
DA:536,0
DA:538,0
DA:539,0
DA:540,0
DA:543,0
DA:545,0
DA:546,0
DA:547,0
DA:549,0
DA:552,0
DA:554,0
DA:555,0
DA:556,0
DA:557,0
DA:558,0
DA:559,0
DA:560,0
DA:563,0
DA:567,0
DA:570,0
DA:571,0
DA:572,0
DA:573,0
DA:577,0
DA:578,0
DA:579,0
DA:580,0
DA:582,0
DA:583,0
DA:584,0
DA:585,0
DA:586,0
DA:588,0
DA:589,0
DA:592,0
DA:593,0
DA:594,0
DA:595,0
DA:599,0
DA:600,0
DA:601,0
DA:603,0
DA:604,0
DA:605,0
DA:606,0
DA:611,0
DA:612,0
DA:618,0
DA:619,0
DA:620,0
DA:621,0
DA:625,0
DA:627,0
DA:628,0
DA:629,0
DA:631,0
DA:632,0
DA:633,0
DA:634,0
DA:637,0
DA:638,0
DA:639,0
DA:640,0
DA:641,0
DA:646,0
DA:647,0
DA:648,0
DA:649,0
DA:653,0
DA:654,0
DA:656,0
DA:657,0
DA:658,0
DA:659,0
DA:664,0
DA:665,0
DA:666,0
DA:667,0
DA:668,0
DA:670,0
DA:672,0
DA:675,0
DA:676,0
DA:680,0
DA:681,0
DA:682,0
DA:683,0
DA:684,0
DA:697,0
DA:698,0
DA:699,0
DA:701,0
DA:703,0
DA:704,0
DA:706,0
DA:707,0
DA:708,0
DA:710,0
DA:711,0
DA:712,0
DA:713,0
DA:721,0
DA:723,0
DA:724,0
DA:725,0
DA:732,0
DA:733,0
DA:734,0
DA:738,0
DA:739,0
DA:741,0
DA:742,0
DA:744,0
DA:758,0
DA:763,0
DA:764,0
DA:765,0
DA:766,0
DA:767,0
DA:770,0
DA:771,0
DA:772,0
DA:773,0
DA:774,0
DA:775,0
DA:778,0
DA:779,0
DA:780,0
DA:781,0
DA:787,0
DA:789,0
DA:791,0
DA:794,0
DA:795,0
DA:796,0
DA:798,0
DA:799,0
DA:800,0
DA:801,0
DA:802,0
DA:803,0
DA:811,0
DA:813,0
DA:814,0
DA:815,0
DA:816,0
DA:817,0
DA:822,0
DA:833,0
DA:834,0
DA:836,0
DA:837,0
DA:838,0
DA:844,0
DA:845,0
DA:846,0
DA:849,0
DA:853,0
DA:855,0
DA:856,0
DA:859,0
DA:861,0
DA:862,0
DA:865,0
DA:871,0
DA:873,0
DA:876,0
DA:877,0
DA:892,0
DA:893,0
DA:894,0
DA:895,0
DA:896,0
DA:898,0
DA:899,0
DA:900,0
DA:903,0
DA:905,0
DA:907,0
DA:912,0
DA:913,0
DA:914,0
DA:923,0
DA:924,0
DA:931,0
DA:932,0
DA:944,0
DA:945,0
DA:960,0
DA:962,0
DA:963,0
DA:967,0
DA:968,0
DA:969,0
DA:970,0
DA:971,0
DA:974,0
DA:975,0
DA:976,0
DA:977,0
DA:980,0
DA:982,0
DA:983,0
DA:985,0
DA:986,0
DA:987,0
DA:988,0
DA:989,0
DA:990,0
DA:991,0
DA:992,0
DA:993,0
DA:994,0
DA:995,0
DA:996,0
DA:997,0
DA:1001,0
DA:1002,0
DA:1008,0
DA:1009,0
DA:1010,0
DA:1011,0
DA:1012,0
DA:1013,0
DA:1014,0
DA:1018,0
DA:1019,0
DA:1021,0
DA:1022,0
DA:1023,0
DA:1024,0
DA:1025,0
DA:1026,0
DA:1028,0
DA:1029,0
DA:1041,0
DA:1042,0
DA:1043,0
DA:1047,0
DA:1048,0
DA:1049,0
DA:1050,0
DA:1051,0
DA:1052,0
DA:1053,0
DA:1054,0
DA:1058,0
DA:1059,0
DA:1060,0
DA:1062,0
DA:1063,0
DA:1064,0
DA:1065,0
DA:1069,0
DA:1070,0
DA:1071,0
DA:1072,0
DA:1074,0
DA:1075,0
DA:1079,0
LF:330
LH:1
end_of_record
SF:lib/features/sensor/data/services/face_id_auth_service.dart
DA:8,3
DA:14,0
DA:15,0
DA:16,0
DA:21,0
DA:22,0
DA:26,0
DA:33,0
DA:35,0
DA:37,0
DA:40,0
DA:54,0
DA:55,0
DA:57,0
DA:67,0
DA:69,0
DA:71,0
DA:73,0
DA:75,0
LF:19
LH:1
end_of_record
SF:lib/features/auth/presentation/pages/signup/signup_screen.dart
DA:12,3
DA:14,0
DA:15,0
DA:33,0
DA:35,0
DA:36,0
DA:37,0
DA:38,0
DA:39,0
DA:40,0
DA:41,0
DA:44,0
DA:45,0
DA:46,0
DA:47,0
DA:48,0
DA:49,0
DA:50,0
DA:51,0
DA:54,0
DA:55,0
DA:56,0
DA:57,0
DA:58,0
DA:59,0
DA:60,0
DA:61,0
DA:74,0
DA:75,0
DA:78,0
DA:99,0
DA:101,0
DA:103,0
DA:105,0
DA:106,0
DA:107,0
DA:109,0
DA:111,0
DA:112,0
DA:116,0
DA:118,0
DA:123,0
DA:127,0
DA:129,0
DA:130,0
DA:131,0
DA:132,0
DA:133,0
DA:135,0
DA:136,0
DA:138,0
DA:139,0
DA:140,0
DA:143,0
DA:147,0
DA:154,0
DA:156,0
DA:158,0
DA:161,0
DA:162,0
DA:163,0
DA:165,0
DA:171,0
DA:173,0
DA:175,0
DA:182,0
DA:184,0
DA:185,0
DA:186,0
DA:188,0
DA:189,0
DA:190,0
DA:192,0
DA:193,0
DA:194,0
DA:195,0
DA:198,0
DA:202,0
DA:203,0
DA:205,0
DA:206,0
DA:212,0
DA:213,0
DA:214,0
DA:216,0
DA:221,0
DA:223,0
DA:224,0
DA:225,0
DA:226,0
DA:227,0
DA:239,0
DA:240,0
DA:243,0
DA:251,0
DA:253,0
DA:254,0
DA:255,0
DA:267,0
DA:268,0
DA:271,0
DA:281,0
DA:283,0
DA:284,0
DA:296,0
DA:297,0
DA:300,0
DA:302,0
DA:308,0
DA:310,0
DA:311,0
DA:323,0
DA:324,0
DA:327,0
DA:334,0
DA:336,0
DA:337,0
DA:338,0
DA:339,0
DA:342,0
DA:343,0
DA:344,0
DA:348,0
DA:349,0
DA:350,0
DA:354,0
DA:355,0
DA:356,0
DA:361,0
DA:362,0
DA:365,0
DA:372,0
DA:374,0
DA:375,0
DA:376,0
DA:377,0
DA:380,0
DA:381,0
DA:382,0
DA:386,0
DA:387,0
DA:388,0
DA:392,0
DA:393,0
DA:394,0
DA:395,0
DA:400,0
DA:401,0
DA:404,0
DA:411,0
DA:413,0
DA:414,0
DA:420,0
DA:421,0
DA:427,0
DA:429,0
DA:430,0
LF:157
LH:1
end_of_record
SF:lib/features/call/data/models/call_api_models.dart
DA:11,0
DA:19,0
DA:20,0
DA:21,0
DA:22,0
DA:23,0
DA:24,0
DA:25,0
DA:26,0
DA:30,0
DA:31,0
DA:39,0
DA:40,0
DA:41,0
DA:42,0
DA:43,0
DA:44,0
DA:45,0
DA:49,0
DA:50,0
DA:51,0
DA:52,0
DA:53,0
DA:54,0
DA:56,0
DA:73,0
DA:87,0
DA:88,0
DA:89,0
DA:91,0
DA:92,0
DA:93,0
DA:94,0
DA:95,0
DA:96,0
DA:98,0
DA:99,0
DA:102,0
DA:103,0
DA:105,0
DA:106,0
DA:108,0
DA:109,0
DA:110,0
DA:111,0
DA:112,0
DA:113,0
DA:117,0
DA:118,0
DA:119,0
DA:120,0
DA:121,0
DA:122,0
DA:123,0
DA:124,0
DA:125,0
DA:126,0
DA:127,0
DA:128,0
DA:129,0
DA:133,0
DA:134,0
DA:135,0
DA:142,0
DA:143,0
DA:144,0
DA:146,0
DA:148,0
DA:150,0
LF:69
LH:0
end_of_record
SF:lib/features/call/data/datasources/remote/call_remote_datasource.dart
DA:7,0
DA:8,0
DA:14,0
DA:16,0
DA:21,0
DA:23,0
DA:26,0
DA:28,0
DA:29,0
LF:9
LH:0
end_of_record
SF:lib/features/call/domain/entities/call_entities.dart
DA:14,0
DA:22,0
DA:23,0
DA:24,0
DA:25,0
DA:26,0
DA:27,0
DA:28,0
DA:32,0
DA:33,0
DA:49,0
DA:63,0
DA:64,0
DA:65,0
DA:66,0
DA:67,0
DA:68,0
DA:69,0
DA:70,0
DA:71,0
DA:72,0
DA:73,0
DA:74,0
DA:75,0
DA:87,0
DA:96,0
DA:104,0
DA:105,0
DA:106,0
DA:107,0
DA:108,0
DA:109,0
DA:110,0
DA:114,0
DA:115,0
DA:116,0
DA:117,0
DA:118,0
DA:119,0
DA:120,0
DA:121,0
LF:41
LH:0
end_of_record
SF:lib/features/call/data/repositories/call_repository.dart
DA:13,0
DA:14,0
DA:15,0
DA:16,0
DA:17,0
DA:18,0
DA:29,0
DA:39,0
DA:40,0
DA:41,0
DA:42,0
DA:43,0
DA:46,0
DA:47,0
DA:48,0
DA:50,0
DA:51,0
DA:53,0
DA:54,0
DA:55,0
DA:56,0
DA:57,0
DA:58,0
DA:59,0
DA:60,0
DA:61,0
DA:62,0
DA:63,0
DA:67,0
DA:68,0
DA:69,0
DA:70,0
DA:71,0
DA:72,0
DA:73,0
DA:74,0
DA:75,0
DA:76,0
DA:78,0
DA:79,0
DA:80,0
DA:81,0
DA:82,0
DA:83,0
DA:87,0
DA:92,0
DA:97,0
DA:99,0
DA:100,0
DA:101,0
DA:102,0
DA:103,0
DA:104,0
DA:109,0
DA:110,0
DA:111,0
DA:112,0
DA:113,0
DA:114,0
DA:115,0
DA:116,0
DA:117,0
DA:118,0
DA:119,0
DA:120,0
DA:121,0
DA:124,0
DA:126,0
DA:129,0
DA:133,0
DA:134,0
DA:135,0
DA:136,0
DA:141,0
DA:142,0
DA:143,0
DA:145,0
DA:147,0
DA:149,0
DA:156,0
DA:157,0
DA:162,0
DA:168,0
DA:170,0
DA:173,0
DA:176,0
DA:178,0
DA:180,0
DA:185,0
DA:186,0
DA:187,0
DA:189,0
DA:191,0
DA:192,0
DA:193,0
DA:195,0
DA:196,0
DA:201,0
DA:203,0
DA:204,0
LF:100
LH:0
end_of_record
SF:lib/features/call/data/services/call_ringtone_service.dart
DA:4,0
DA:5,0
DA:6,0
DA:24,0
DA:25,0
DA:27,0
DA:28,0
DA:29,0
DA:30,0
DA:31,0
DA:32,0
DA:34,0
DA:38,0
DA:39,0
DA:41,0
DA:42,0
DA:43,0
DA:44,0
DA:45,0
DA:46,0
DA:48,0
DA:52,0
DA:53,0
DA:55,0
DA:57,0
DA:60,0
DA:61,0
DA:63,0
DA:65,0
DA:68,0
DA:69,0
DA:70,0
DA:73,0
DA:74,0
DA:75,0
LF:35
LH:0
end_of_record
SF:lib/features/call/data/services/call_socket_service.dart
DA:30,0
DA:41,0
DA:42,0
DA:48,0
DA:55,0
DA:56,0
DA:58,0
DA:59,0
DA:61,0
DA:62,0
DA:64,0
DA:65,0
DA:66,0
DA:67,0
DA:68,0
DA:69,0
DA:70,0
DA:73,0
DA:74,0
DA:75,0
DA:76,0
DA:78,0
DA:79,0
DA:80,0
DA:81,0
DA:87,0
DA:88,0
DA:89,0
DA:90,0
DA:92,0
DA:93,0
DA:94,0
DA:95,0
DA:101,0
DA:102,0
DA:103,0
DA:104,0
DA:106,0
DA:107,0
DA:113,0
DA:114,0
DA:115,0
DA:116,0
DA:118,0
DA:119,0
DA:125,0
DA:126,0
DA:127,0
DA:128,0
DA:130,0
DA:131,0
DA:137,0
DA:138,0
DA:139,0
DA:140,0
DA:142,0
DA:143,0
DA:149,0
DA:150,0
DA:151,0
DA:152,0
DA:154,0
DA:155,0
DA:161,0
DA:162,0
DA:163,0
DA:164,0
DA:166,0
DA:167,0
DA:173,0
DA:174,0
DA:175,0
DA:176,0
DA:178,0
DA:179,0
DA:185,0
DA:188,0
DA:192,0
DA:193,0
DA:195,0
DA:196,0
DA:200,0
DA:202,0
DA:206,0
DA:209,0
DA:211,0
DA:212,0
DA:215,0
DA:216,0
DA:217,0
DA:218,0
DA:224,0
DA:225,0
DA:227,0
DA:229,0
DA:232,0
DA:233,0
DA:235,0
DA:237,0
DA:240,0
DA:241,0
DA:243,0
DA:245,0
DA:248,0
DA:252,0
DA:254,0
DA:256,0
DA:259,0
DA:263,0
DA:265,0
DA:267,0
DA:270,0
DA:274,0
DA:276,0
DA:278,0
DA:281,0
DA:282,0
DA:283,0
DA:284,0
DA:287,0
DA:288,0
DA:289,0
DA:292,0
DA:296,0
DA:299,0
DA:300,0
DA:303,0
DA:304,0
DA:305,0
DA:308,0
DA:309,0
DA:310,0
DA:314,0
DA:318,0
DA:320,0
DA:324,0
DA:325,0
DA:326,0
DA:327,0
DA:329,0
DA:332,0
DA:333,0
DA:336,0
DA:337,0
LF:144
LH:0
end_of_record
SF:lib/features/call/domain/usecases/call_usecases.dart
DA:15,0
DA:21,0
DA:22,0
DA:25,0
DA:26,0
DA:33,0
DA:36,0
DA:38,0
DA:39,0
DA:40,0
DA:41,0
LF:11
LH:0
end_of_record
SF:lib/features/call/presentation/pages/call_session_screen.dart
DA:19,0
DA:27,0
DA:28,0
DA:52,0
DA:54,0
DA:55,0
DA:56,0
DA:57,0
DA:58,0
DA:59,0
DA:60,0
DA:61,0
DA:62,0
DA:63,0
DA:67,0
DA:68,0
DA:69,0
DA:71,0
DA:72,0
DA:73,0
DA:74,0
DA:75,0
DA:76,0
DA:81,0
DA:82,0
DA:83,0
DA:84,0
DA:85,0
DA:86,0
DA:87,0
DA:92,0
DA:94,0
DA:95,0
DA:96,0
DA:97,0
DA:98,0
DA:99,0
DA:100,0
DA:103,0
DA:104,0
DA:105,0
DA:107,0
DA:108,0
DA:109,0
DA:110,0
DA:114,0
DA:115,0
DA:117,0
DA:118,0
DA:119,0
DA:120,0
DA:121,0
DA:122,0
DA:123,0
DA:124,0
DA:125,0
DA:126,0
DA:131,0
DA:132,0
DA:133,0
DA:136,0
DA:137,0
DA:138,0
DA:140,0
DA:141,0
DA:142,0
DA:146,0
DA:148,0
DA:149,0
DA:153,0
DA:154,0
DA:155,0
DA:156,0
DA:157,0
DA:159,0
DA:160,0
DA:164,0
DA:167,0
DA:168,0
DA:171,0
DA:172,0
DA:173,0
DA:174,0
DA:175,0
DA:178,0
DA:179,0
DA:180,0
DA:184,0
DA:185,0
DA:188,0
DA:189,0
DA:190,0
DA:191,0
DA:192,0
DA:193,0
DA:195,0
DA:196,0
DA:197,0
DA:198,0
DA:199,0
DA:200,0
DA:201,0
DA:202,0
DA:205,0
DA:206,0
DA:207,0
DA:208,0
DA:209,0
DA:210,0
DA:212,0
DA:213,0
DA:214,0
DA:215,0
DA:216,0
DA:217,0
DA:219,0
DA:220,0
DA:221,0
DA:224,0
DA:225,0
DA:226,0
DA:227,0
DA:228,0
DA:229,0
DA:234,0
DA:235,0
DA:236,0
DA:237,0
DA:238,0
DA:240,0
DA:243,0
DA:244,0
DA:245,0
DA:246,0
DA:247,0
DA:248,0
DA:249,0
DA:251,0
DA:253,0
DA:254,0
DA:259,0
DA:261,0
DA:264,0
DA:267,0
DA:269,0
DA:270,0
DA:271,0
DA:274,0
DA:276,0
DA:277,0
DA:279,0
DA:280,0
DA:281,0
DA:282,0
DA:283,0
DA:284,0
DA:288,0
DA:289,0
DA:292,0
DA:293,0
DA:294,0
DA:295,0
DA:296,0
DA:297,0
DA:298,0
DA:301,0
DA:303,0
DA:305,0
DA:306,0
DA:307,0
DA:309,0
DA:311,0
DA:312,0
DA:313,0
DA:314,0
DA:315,0
DA:316,0
DA:317,0
DA:318,0
DA:320,0
DA:329,0
DA:330,0
DA:331,0
DA:332,0
DA:333,0
DA:334,0
DA:335,0
DA:338,0
DA:339,0
DA:344,0
DA:345,0
DA:346,0
DA:347,0
DA:350,0
DA:351,0
DA:353,0
DA:360,0
DA:361,0
DA:362,0
DA:363,0
DA:364,0
DA:365,0
DA:366,0
DA:368,0
DA:369,0
DA:370,0
DA:371,0
DA:372,0
DA:373,0
DA:374,0
DA:375,0
DA:376,0
DA:377,0
DA:378,0
DA:379,0
DA:381,0
DA:384,0
DA:389,0
DA:390,0
DA:391,0
DA:392,0
DA:394,0
DA:398,0
DA:399,0
DA:400,0
DA:401,0
DA:403,0
DA:407,0
DA:408,0
DA:410,0
DA:411,0
DA:412,0
DA:413,0
DA:414,0
DA:415,0
DA:417,0
DA:418,0
DA:419,0
DA:420,0
DA:421,0
DA:422,0
DA:423,0
DA:428,0
DA:429,0
DA:436,0
DA:437,0
DA:446,0
DA:447,0
DA:448,0
DA:449,0
DA:450,0
DA:451,0
DA:452,0
DA:453,0
DA:455,0
DA:456,0
DA:457,0
DA:459,0
DA:460,0
DA:461,0
DA:462,0
DA:463,0
DA:464,0
DA:465,0
DA:466,0
DA:475,0
DA:478,0
DA:480,0
DA:481,0
DA:482,0
DA:483,0
DA:484,0
DA:486,0
DA:490,0
DA:491,0
DA:492,0
DA:494,0
DA:496,0
DA:500,0
DA:501,0
DA:502,0
DA:504,0
DA:506,0
DA:507,0
DA:509,0
DA:511,0
DA:516,0
DA:523,0
DA:524,0
DA:525,0
DA:526,0
DA:528,0
DA:529,0
DA:530,0
DA:533,0
DA:535,0
DA:536,0
DA:537,0
DA:538,0
DA:539,0
DA:540,0
DA:544,0
DA:545,0
DA:546,0
DA:548,0
DA:549,0
DA:551,0
DA:552,0
DA:553,0
DA:554,0
DA:555,0
DA:556,0
DA:557,0
DA:561,0
DA:562,0
DA:563,0
DA:566,0
DA:568,0
DA:569,0
DA:570,0
DA:571,0
DA:577,0
DA:578,0
DA:583,0
DA:584,0
DA:585,0
DA:586,0
DA:587,0
DA:588,0
DA:589,0
DA:596,0
DA:597,0
DA:598,0
DA:599,0
DA:602,0
DA:603,0
DA:604,0
DA:605,0
DA:607,0
DA:618,0
DA:626,0
DA:628,0
DA:629,0
DA:630,0
DA:631,0
DA:632,0
DA:633,0
DA:634,0
DA:635,0
DA:636,0
DA:637,0
DA:639,0
DA:642,0
DA:643,0
DA:644,0
DA:645,0
LF:356
LH:0
end_of_record
SF:lib/features/call/presentation/view_model/call_view_model.dart
DA:10,0
DA:23,0
DA:25,0
DA:26,0
DA:27,0
DA:29,0
DA:30,0
DA:31,0
DA:32,0
DA:33,0
DA:39,0
DA:40,0
DA:43,0
DA:44,0
DA:45,0
DA:46,0
DA:49,0
DA:50,0
DA:51,0
DA:52,0
DA:55,0
DA:60,0
DA:61,0
DA:63,0
DA:64,0
DA:66,0
DA:67,0
DA:68,0
DA:70,0
DA:73,0
DA:74,0
DA:83,0
DA:87,0
DA:88,0
DA:90,0
DA:91,0
DA:92,0
DA:99,0
DA:100,0
DA:105,0
DA:106,0
DA:107,0
DA:110,0
DA:115,0
DA:116,0
DA:118,0
DA:120,0
DA:131,0
DA:132,0
DA:133,0
DA:135,0
DA:142,0
DA:143,0
DA:145,0
DA:155,0
DA:156,0
DA:157,0
DA:159,0
DA:166,0
DA:167,0
DA:172,0
DA:173,0
DA:174,0
DA:176,0
DA:183,0
DA:184,0
DA:189,0
DA:191,0
DA:192,0
DA:193,0
DA:194,0
DA:195,0
DA:196,0
DA:199,0
DA:203,0
DA:206,0
DA:210,0
DA:213,0
DA:217,0
DA:223,0
DA:224,0
DA:227,0
DA:228,0
DA:229,0
DA:231,0
DA:232,0
DA:233,0
DA:234,0
DA:236,0
DA:237,0
DA:238,0
DA:242,0
DA:249,0
DA:250,0
DA:251,0
DA:252,0
DA:254,0
DA:255,0
DA:257,0
DA:264,0
DA:265,0
DA:266,0
DA:267,0
DA:269,0
DA:277,0
DA:278,0
DA:279,0
DA:280,0
DA:288,0
DA:289,0
DA:290,0
DA:291,0
DA:299,0
DA:300,0
DA:301,0
DA:302,0
DA:310,0
DA:311,0
DA:312,0
DA:313,0
DA:314,0
DA:315,0
DA:316,0
DA:317,0
DA:319,0
DA:324,0
DA:325,0
DA:326,0
LF:128
LH:0
end_of_record
SF:lib/features/sensor/data/services/proximity_call_service.dart
DA:9,0
DA:13,0
DA:16,0
DA:20,0
DA:21,0
DA:24,0
DA:27,0
DA:28,0
DA:30,0
DA:34,0
DA:38,0
DA:39,0
DA:40,0
DA:41,0
DA:42,0
DA:44,0
DA:45,0
DA:46,0
DA:50,0
DA:52,0
DA:55,0
DA:56,0
DA:57,0
DA:59,0
DA:60,0
DA:63,0
DA:64,0
DA:65,0
DA:66,0
DA:68,0
DA:69,0
DA:70,0
DA:72,0
DA:73,0
DA:74,0
DA:75,0
DA:77,0
DA:78,0
DA:79,0
LF:39
LH:0
end_of_record
SF:lib/features/call/presentation/state/call_state.dart
DA:13,0
DA:21,3
DA:28,0
DA:37,0
DA:38,0
DA:39,0
DA:40,0
DA:43,0
DA:48,0
DA:49,0
DA:50,0
DA:51,0
DA:52,0
DA:53,0
DA:54,0
LF:15
LH:1
end_of_record
SF:lib/features/chautari/data/models/chautari_api_model.dart
DA:14,0
DA:25,0
DA:26,0
DA:27,0
DA:28,0
DA:29,0
DA:31,0
DA:33,0
DA:34,0
DA:35,0
DA:37,0
DA:39,0
DA:40,0
DA:42,0
DA:44,0
DA:45,0
DA:46,0
DA:47,0
DA:48,0
DA:49,0
DA:51,0
DA:54,0
DA:58,0
DA:59,0
DA:60,0
DA:61,0
DA:62,0
DA:63,0
DA:64,0
DA:65,0
DA:66,0
DA:67,0
DA:71,0
DA:72,0
DA:73,0
DA:74,0
DA:76,0
LF:37
LH:0
end_of_record
SF:lib/features/post/data/models/post_api_model.dart
DA:19,0
DA:35,0
DA:36,0
DA:37,0
DA:40,0
DA:41,0
DA:44,0
DA:47,0
DA:50,0
DA:53,0
DA:56,0
DA:57,0
DA:58,0
DA:59,0
DA:63,0
DA:64,0
DA:65,0
DA:68,0
DA:69,0
DA:70,0
DA:71,0
DA:73,0
DA:74,0
DA:75,0
DA:77,0
DA:79,0
DA:80,0
DA:81,0
DA:82,0
DA:83,0
DA:84,0
DA:86,0
DA:87,0
DA:90,0
DA:91,0
DA:94,0
DA:95,0
DA:98,0
DA:99,0
DA:101,0
DA:102,0
DA:103,0
DA:104,0
DA:105,0
DA:107,0
DA:110,0
DA:117,0
DA:118,0
DA:119,0
DA:120,0
DA:121,0
DA:122,0
DA:123,0
DA:124,0
DA:125,0
DA:126,0
DA:127,0
DA:128,0
DA:129,0
DA:130,0
DA:131,0
DA:135,0
DA:138,0
DA:139,0
DA:140,0
DA:141,0
DA:142,0
DA:143,0
DA:146,0
DA:147,0
DA:148,0
DA:149,0
DA:150,0
DA:151,0
DA:152,0
DA:153,0
DA:157,0
DA:158,0
DA:160,0
DA:172,0
DA:181,0
DA:182,0
DA:183,0
DA:185,0
DA:186,0
DA:189,0
DA:192,0
DA:194,0
DA:197,0
DA:200,0
DA:201,0
DA:202,0
DA:203,0
DA:207,0
DA:208,0
DA:211,0
DA:212,0
DA:213,0
DA:214,0
DA:215,0
DA:216,0
DA:218,0
DA:219,0
DA:223,0
DA:224,0
DA:225,0
DA:226,0
DA:227,0
DA:228,0
DA:229,0
DA:230,0
LF:111
LH:0
end_of_record
SF:lib/features/chautari/data/datasources/remote/chautari_remote_datasource.dart
DA:11,0
DA:14,0
DA:20,0
DA:23,0
DA:29,0
DA:30,0
DA:31,0
DA:32,0
DA:33,0
DA:37,0
DA:38,0
DA:39,0
DA:41,0
DA:46,0
DA:49,0
DA:52,0
DA:53,0
DA:57,0
DA:64,0
DA:65,0
DA:66,0
DA:68,0
DA:69,0
DA:71,0
DA:72,0
DA:75,0
DA:76,0
DA:77,0
DA:79,0
DA:84,0
DA:85,0
DA:87,0
DA:90,0
DA:91,0
DA:95,0
DA:101,0
DA:103,0
DA:106,0
DA:108,0
DA:109,0
DA:112,0
DA:117,0
DA:119,0
DA:122,0
DA:124,0
DA:125,0
DA:128,0
DA:130,0
DA:131,0
DA:133,0
DA:134,0
DA:138,0
DA:140,0
DA:141,0
DA:143,0
DA:144,0
DA:148,0
DA:150,0
DA:151,0
DA:153,0
DA:154,0
DA:158,0
DA:160,0
DA:161,0
DA:163,0
DA:164,0
DA:165,0
DA:168,0
DA:170,0
DA:171,0
DA:173,0
DA:174,0
DA:175,0
DA:177,0
DA:179,0
DA:184,0
DA:186,0
DA:190,0
DA:196,0
DA:197,0
DA:198,0
DA:201,0
DA:202,0
DA:203,0
DA:207,0
DA:208,0
DA:209,0
DA:211,0
DA:216,0
DA:217,0
DA:219,0
DA:223,0
DA:229,0
DA:230,0
DA:231,0
DA:234,0
DA:236,0
DA:237,0
DA:240,0
DA:242,0
LF:100
LH:0
end_of_record
SF:lib/features/chautari/domain/entities/chautari_entity.dart
DA:14,0
DA:25,0
DA:27,0
DA:28,0
DA:29,0
DA:30,0
DA:33,0
DA:34,0
DA:35,0
DA:36,0
DA:39,0
DA:49,0
DA:50,0
DA:51,0
DA:52,0
DA:53,0
DA:54,0
DA:55,0
DA:56,0
DA:57,0
DA:61,0
DA:62,0
DA:63,0
DA:64,0
DA:65,0
DA:66,0
DA:67,0
DA:68,0
DA:69,0
DA:70,0
DA:81,0
DA:89,0
DA:90,0
LF:33
LH:0
end_of_record
SF:lib/features/chautari/data/repositories/chautari_repository.dart
DA:15,0
DA:16,0
DA:17,0
DA:18,0
DA:19,0
DA:20,0
DA:30,0
DA:42,0
DA:43,0
DA:44,0
DA:45,0
DA:46,0
DA:49,0
DA:50,0
DA:52,0
DA:53,0
DA:54,0
DA:55,0
DA:56,0
DA:57,0
DA:60,0
DA:66,0
DA:67,0
DA:68,0
DA:69,0
DA:70,0
DA:71,0
DA:72,0
DA:73,0
DA:74,0
DA:75,0
DA:78,0
DA:79,0
DA:82,0
DA:83,0
DA:84,0
DA:86,0
DA:87,0
DA:89,0
DA:90,0
DA:91,0
DA:92,0
DA:93,0
DA:94,0
DA:95,0
DA:96,0
DA:97,0
DA:98,0
DA:99,0
DA:100,0
DA:101,0
DA:102,0
DA:106,0
DA:111,0
DA:112,0
DA:115,0
DA:116,0
DA:117,0
DA:119,0
DA:120,0
DA:121,0
DA:122,0
DA:123,0
DA:128,0
DA:134,0
DA:139,0
DA:144,0
DA:145,0
DA:146,0
DA:147,0
DA:148,0
DA:149,0
DA:150,0
DA:154,0
DA:158,0
DA:165,0
DA:170,0
DA:176,0
DA:177,0
DA:178,0
DA:179,0
DA:180,0
DA:181,0
DA:182,0
DA:186,0
DA:190,0
DA:196,0
DA:201,0
DA:206,0
DA:207,0
DA:208,0
DA:209,0
DA:210,0
DA:211,0
DA:215,0
DA:219,0
DA:224,0
DA:225,0
DA:226,0
DA:229,0
DA:230,0
DA:235,0
DA:239,0
DA:240,0
DA:241,0
DA:242,0
DA:243,0
DA:244,0
DA:245,0
DA:246,0
DA:247,0
DA:251,0
DA:252,0
DA:256,0
DA:258,0
DA:263,0
DA:264,0
DA:265,0
DA:266,0
DA:267,0
DA:268,0
DA:269,0
DA:273,0
DA:277,0
DA:279,0
DA:283,0
DA:284,0
DA:285,0
DA:286,0
DA:287,0
DA:288,0
DA:289,0
DA:290,0
DA:294,0
DA:298,0
DA:300,0
DA:304,0
DA:305,0
DA:306,0
DA:307,0
DA:308,0
DA:309,0
DA:310,0
DA:311,0
DA:315,0
DA:319,0
DA:321,0
DA:325,0
DA:326,0
DA:327,0
DA:328,0
DA:330,0
DA:331,0
DA:335,0
DA:339,0
DA:341,0
DA:342,0
DA:343,0
DA:347,0
DA:348,0
DA:349,0
DA:350,0
DA:351,0
DA:352,0
DA:353,0
DA:354,0
DA:356,0
DA:358,0
DA:362,0
DA:363,0
DA:364,0
DA:368,0
DA:374,0
DA:379,0
DA:385,0
DA:386,0
DA:387,0
DA:389,0
DA:390,0
DA:394,0
DA:398,0
DA:404,0
DA:409,0
DA:414,0
DA:415,0
DA:416,0
DA:421,0
DA:422,0
DA:423,0
DA:425,0
DA:426,0
DA:430,0
DA:434,0
DA:436,0
DA:440,0
DA:441,0
DA:443,0
DA:444,0
DA:445,0
DA:446,0
DA:447,0
DA:451,0
LF:202
LH:0
end_of_record
SF:lib/features/post/domain/entities/post_entity.dart
DA:18,0
DA:34,0
DA:49,0
DA:50,0
DA:51,0
DA:52,0
DA:53,0
DA:54,0
DA:55,0
DA:56,0
DA:57,0
DA:58,0
DA:59,0
DA:60,0
DA:61,0
DA:62,0
DA:66,0
DA:67,0
DA:68,0
DA:69,0
DA:70,0
DA:71,0
DA:72,0
DA:73,0
DA:74,0
DA:75,0
DA:76,0
DA:77,0
DA:78,0
DA:79,0
DA:80,0
DA:92,0
DA:101,0
DA:102,0
DA:103,0
DA:104,0
DA:105,0
DA:106,0
DA:107,0
DA:108,0
LF:40
LH:0
end_of_record
SF:lib/features/chautari/domain/usecases/chautari_usecases.dart
DA:12,0
DA:13,0
DA:16,0
DA:17,0
DA:19,0
DA:20,0
DA:22,0
DA:23,0
DA:26,0
DA:27,0
DA:30,0
DA:31,0
DA:34,0
DA:35,0
DA:38,0
DA:39,0
DA:40,0
DA:41,0
DA:44,0
DA:45,0
DA:46,0
DA:49,0
DA:52,0
DA:55,0
DA:58,0
DA:61,0
DA:62,0
DA:70,0
DA:76,0
DA:77,0
DA:85,0
DA:91,0
DA:92,0
DA:101,0
DA:108,0
DA:109,0
DA:110,0
DA:111,0
DA:112,0
DA:113,0
DA:121,3
DA:123,0
DA:124,0
DA:129,0
DA:131,0
DA:132,0
DA:137,0
DA:139,0
DA:140,0
DA:145,0
DA:147,0
DA:148,0
DA:156,0
DA:162,0
DA:163,0
DA:171,0
DA:177,0
DA:178,0
DA:184,0
DA:186,0
DA:188,0
DA:189,0
DA:190,0
DA:191,0
DA:199,0
DA:201,0
DA:205,0
DA:206,0
DA:207,0
DA:208,0
DA:216,0
DA:218,0
DA:220,0
DA:221,0
DA:222,0
DA:223,0
DA:224,0
DA:232,0
DA:234,0
DA:236,0
DA:243,0
DA:245,0
DA:247,0
DA:254,0
DA:256,0
DA:258,0
DA:265,0
DA:267,0
DA:269,0
DA:276,0
DA:278,0
DA:280,0
DA:287,0
DA:289,0
DA:291,0
DA:298,0
DA:300,0
DA:302,0
DA:303,0
DA:304,0
DA:305,0
DA:313,0
DA:315,0
DA:319,0
DA:320,0
DA:321,0
DA:322,0
DA:330,0
DA:332,0
DA:334,0
LF:110
LH:1
end_of_record
SF:lib/features/chautari/presentation/pages/chautari_detail_screen.dart
DA:17,0
DA:19,0
DA:21,0
DA:27,0
DA:28,0
DA:31,0
DA:32,0
DA:33,0
DA:35,0
DA:37,0
DA:38,0
DA:40,0
DA:41,0
DA:42,0
DA:43,0
DA:47,0
DA:49,0
DA:50,0
DA:52,0
DA:58,0
DA:66,0
DA:76,0
DA:77,0
DA:78,0
DA:83,0
DA:86,0
DA:93,0
DA:94,0
DA:95,0
DA:96,0
DA:97,0
DA:102,0
DA:103,0
DA:104,0
DA:118,0
DA:120,0
DA:121,0
DA:122,0
DA:123,0
DA:124,0
DA:125,0
DA:126,0
DA:127,0
DA:131,0
DA:133,0
DA:134,0
DA:135,0
DA:140,0
DA:141,0
DA:142,0
DA:143,0
DA:144,0
DA:145,0
DA:148,0
DA:149,0
DA:150,0
DA:151,0
DA:153,0
DA:154,0
DA:155,0
DA:156,0
DA:159,0
DA:160,0
DA:166,0
DA:169,0
DA:171,0
DA:172,0
DA:173,0
DA:174,0
DA:175,0
DA:176,0
DA:177,0
DA:178,0
DA:179,0
DA:180,0
DA:181,0
DA:182,0
DA:186,0
DA:187,0
DA:188,0
DA:189,0
DA:190,0
DA:191,0
DA:192,0
DA:193,0
DA:194,0
DA:195,0
DA:198,0
DA:199,0
DA:201,0
DA:203,0
DA:204,0
DA:206,0
DA:207,0
DA:208,0
DA:209,0
DA:213,0
DA:215,0
DA:217,0
DA:223,0
DA:233,0
DA:234,0
DA:235,0
DA:236,0
DA:237,0
DA:238,0
DA:243,0
DA:244,0
DA:252,0
DA:253,0
DA:254,0
DA:255,0
DA:259,0
DA:260,0
DA:270,0
DA:277,0
DA:278,0
DA:279,0
DA:280,0
DA:281,0
DA:282,0
DA:287,0
DA:288,0
DA:289,0
DA:302,0
DA:304,0
DA:305,0
DA:306,0
DA:307,0
DA:308,0
DA:312,0
DA:314,0
DA:315,0
DA:316,0
DA:317,0
DA:321,0
DA:322,0
DA:323,0
DA:325,0
DA:326,0
DA:327,0
DA:328,0
DA:331,0
DA:332,0
DA:333,0
DA:339,0
DA:340,0
DA:341,0
DA:343,0
DA:345,0
DA:346,0
DA:347,0
DA:348,0
DA:352,0
DA:357,0
DA:359,0
DA:360,0
DA:361,0
DA:363,0
DA:364,0
DA:365,0
DA:366,0
DA:368,0
DA:369,0
DA:370,0
DA:372,0
DA:373,0
DA:374,0
DA:375,0
DA:377,0
DA:379,0
DA:383,0
DA:385,0
DA:389,0
DA:391,0
DA:392,0
DA:393,0
DA:394,0
DA:396,0
DA:401,0
DA:402,0
DA:403,0
DA:406,0
DA:407,0
DA:413,0
DA:415,0
DA:416,0
DA:417,0
DA:418,0
DA:420,0
DA:421,0
DA:422,0
DA:426,0
DA:427,0
DA:428,0
DA:435,0
DA:437,0
DA:442,0
DA:443,0
DA:444,0
DA:447,0
DA:448,0
DA:450,0
DA:451,0
DA:453,0
DA:454,0
DA:455,0
DA:457,0
DA:458,0
DA:459,0
DA:461,0
DA:466,0
DA:467,0
DA:469,0
DA:470,0
DA:471,0
DA:472,0
DA:473,0
DA:480,0
DA:481,0
DA:483,0
DA:486,0
DA:494,0
DA:496,0
DA:497,0
DA:499,0
DA:503,0
DA:504,0
DA:505,0
DA:506,0
DA:507,0
DA:508,0
DA:509,0
DA:510,0
DA:511,0
DA:512,0
DA:513,0
DA:514,0
DA:516,0
DA:519,0
DA:520,0
DA:524,0
DA:525,0
DA:526,0
DA:530,0
DA:531,0
DA:536,0
DA:537,0
DA:539,0
DA:542,0
DA:543,0
DA:544,0
DA:545,0
DA:546,0
DA:548,0
DA:549,0
DA:550,0
DA:551,0
DA:552,0
DA:553,0
DA:554,0
LF:261
LH:0
end_of_record
SF:lib/features/chautari/presentation/state/chautari_state.dart
DA:16,0
DA:26,3
DA:35,0
DA:46,0
DA:47,0
DA:48,0
DA:49,0
DA:50,0
DA:51,0
DA:54,0
DA:59,0
DA:60,0
DA:61,0
DA:62,0
DA:63,0
DA:64,0
DA:65,0
DA:66,0
DA:67,0
LF:19
LH:1
end_of_record
SF:lib/features/chautari/presentation/view_model/chautari_view_model.dart
DA:8,0
DA:9,0
DA:10,0
DA:11,0
DA:26,0
DA:28,0
DA:29,0
DA:30,0
DA:31,0
DA:32,0
DA:33,0
DA:34,0
DA:35,0
DA:36,0
DA:37,0
DA:38,0
DA:42,0
DA:47,0
DA:48,0
DA:54,0
DA:55,0
DA:63,0
DA:64,0
DA:65,0
DA:73,0
DA:74,0
DA:77,0
DA:78,0
DA:79,0
DA:82,0
DA:85,0
DA:86,0
DA:95,0
DA:96,0
DA:102,0
DA:103,0
DA:105,0
DA:106,0
DA:107,0
DA:110,0
DA:113,0
DA:114,0
DA:123,0
DA:128,0
DA:133,0
DA:134,0
DA:135,0
DA:141,0
DA:142,0
DA:143,0
DA:145,0
DA:149,0
DA:150,0
DA:151,0
DA:155,0
DA:163,0
DA:169,0
DA:174,0
DA:175,0
DA:183,0
DA:184,0
DA:185,0
DA:187,0
DA:191,0
DA:192,0
DA:193,0
DA:195,0
DA:196,0
DA:204,0
DA:205,0
DA:209,0
DA:211,0
DA:212,0
DA:213,0
DA:215,0
DA:219,0
DA:220,0
DA:223,0
DA:226,0
DA:232,0
DA:233,0
DA:236,0
DA:237,0
DA:240,0
DA:241,0
DA:245,0
DA:246,0
DA:250,0
DA:252,0
DA:253,0
DA:254,0
DA:256,0
DA:260,0
DA:261,0
DA:262,0
DA:264,0
DA:265,0
DA:273,0
DA:274,0
DA:278,0
DA:280,0
DA:281,0
DA:282,0
DA:284,0
DA:288,0
DA:289,0
DA:290,0
DA:292,0
DA:293,0
DA:301,0
DA:306,0
DA:310,0
DA:311,0
DA:314,0
DA:315,0
DA:316,0
DA:319,0
DA:323,0
DA:324,0
DA:326,0
DA:334,0
DA:339,0
DA:344,0
DA:345,0
DA:352,0
DA:353,0
DA:354,0
DA:356,0
DA:360,0
DA:361,0
DA:370,0
DA:371,0
DA:375,0
DA:377,0
DA:378,0
DA:379,0
DA:381,0
DA:385,0
DA:386,0
DA:387,0
DA:388,0
DA:389,0
DA:402,0
DA:403,0
DA:404,0
DA:405,0
DA:406,0
DA:407,0
LF:148
LH:0
end_of_record
SF:lib/features/home/presentation/widgets/post_card_widget.dart
DA:24,0
DA:36,0
DA:37,0
DA:47,0
DA:49,0
DA:50,0
DA:51,0
DA:54,0
DA:56,0
DA:58,0
DA:59,0
DA:60,0
DA:62,0
DA:64,0
DA:66,0
DA:67,0
DA:71,0
DA:72,0
DA:74,0
DA:75,0
DA:76,0
DA:77,0
DA:80,0
DA:81,0
DA:83,0
DA:84,0
DA:85,0
DA:86,0
DA:90,0
DA:91,0
DA:92,0
DA:95,0
DA:96,0
DA:100,0
DA:101,0
DA:102,0
DA:103,0
DA:104,0
DA:105,0
DA:106,0
DA:109,0
DA:110,0
DA:111,0
DA:112,0
DA:114,0
DA:115,0
DA:116,0
DA:118,0
DA:119,0
DA:120,0
DA:126,0
DA:127,0
DA:128,0
DA:129,0
DA:130,0
DA:132,0
DA:134,0
DA:135,0
DA:137,0
DA:138,0
DA:139,0
DA:140,0
DA:141,0
DA:142,0
DA:143,0
DA:148,0
DA:150,0
DA:154,0
DA:155,0
DA:156,0
DA:157,0
DA:158,0
DA:161,0
DA:162,0
DA:163,0
DA:164,0
DA:165,0
DA:168,0
DA:169,0
DA:170,0
DA:173,0
DA:174,0
DA:180,0
DA:182,0
DA:184,0
DA:185,0
DA:186,0
DA:189,0
DA:190,0
DA:195,0
DA:196,0
DA:197,0
DA:198,0
DA:199,0
DA:201,0
DA:202,0
DA:203,0
DA:204,0
DA:206,0
DA:210,0
DA:211,0
DA:212,0
DA:218,0
DA:219,0
DA:220,0
DA:221,0
DA:224,0
DA:225,0
DA:226,0
DA:231,0
DA:236,0
DA:237,0
DA:238,0
DA:242,0
DA:243,0
DA:249,0
DA:250,0
DA:255,0
DA:256,0
DA:261,0
DA:262,0
DA:267,0
DA:268,0
DA:270,0
DA:271,0
DA:272,0
DA:273,0
DA:274,0
DA:278,0
DA:280,0
DA:281,0
DA:284,0
DA:293,0
DA:303,0
DA:304,0
DA:305,0
DA:306,0
DA:307,0
DA:313,0
DA:314,0
DA:315,0
DA:322,0
DA:324,0
DA:325,0
DA:330,0
DA:331,0
DA:332,0
DA:333,0
DA:334,0
DA:335,0
DA:340,0
DA:341,0
DA:342,0
DA:357,0
DA:359,0
DA:361,0
DA:362,0
DA:363,0
DA:371,0
DA:373,0
DA:374,0
DA:375,0
DA:376,0
DA:382,0
DA:383,0
DA:388,0
DA:389,0
DA:390,0
DA:391,0
DA:392,0
DA:394,0
DA:395,0
DA:396,0
DA:397,0
DA:399,0
DA:403,0
DA:405,0
DA:406,0
DA:408,0
DA:411,0
DA:412,0
DA:413,0
DA:417,0
DA:418,0
DA:419,0
DA:420,0
DA:423,0
DA:424,0
DA:425,0
DA:426,0
DA:429,0
DA:431,0
DA:432,0
DA:435,0
DA:436,0
DA:438,0
DA:440,0
DA:441,0
DA:442,0
DA:444,0
DA:445,0
DA:446,0
DA:447,0
DA:451,0
DA:452,0
DA:454,0
DA:456,0
DA:459,0
DA:460,0
DA:461,0
DA:467,0
DA:468,0
DA:469,0
DA:471,0
DA:472,0
DA:474,0
DA:475,0
DA:477,0
DA:479,0
DA:482,0
DA:485,0
DA:486,0
DA:487,0
DA:488,0
DA:489,0
DA:490,0
DA:493,0
DA:494,0
DA:498,0
DA:499,0
DA:505,0
DA:506,0
DA:508,0
DA:509,0
DA:510,0
DA:511,0
DA:516,0
DA:517,0
DA:518,0
DA:519,0
DA:526,0
DA:527,0
DA:528,0
DA:529,0
DA:530,0
DA:531,0
DA:532,0
DA:533,0
DA:534,0
DA:537,0
DA:539,0
DA:544,0
DA:549,0
DA:562,0
DA:563,0
DA:565,0
DA:566,0
DA:567,0
DA:576,0
DA:577,0
DA:578,0
DA:579,0
DA:582,0
DA:583,0
DA:585,0
DA:586,0
DA:589,0
DA:590,0
DA:591,0
DA:596,0
DA:597,0
DA:598,0
DA:599,0
DA:604,0
DA:606,0
DA:608,0
DA:610,0
DA:612,0
DA:613,0
DA:614,0
DA:615,0
DA:616,0
DA:617,0
DA:619,0
DA:620,0
DA:621,0
DA:624,0
DA:625,0
DA:629,0
DA:630,0
DA:632,0
DA:633,0
DA:634,0
DA:637,0
DA:638,0
DA:654,0
DA:655,0
DA:668,0
DA:678,0
DA:679,0
DA:689,0
DA:691,0
DA:692,0
DA:693,0
DA:696,0
DA:698,0
DA:699,0
DA:702,0
DA:704,0
DA:705,0
DA:708,0
DA:709,0
DA:710,0
DA:712,0
DA:713,0
DA:714,0
DA:715,0
DA:716,0
DA:718,0
DA:722,0
DA:723,0
DA:724,0
DA:726,0
DA:728,0
DA:729,0
DA:730,0
DA:732,0
DA:734,0
DA:735,0
DA:736,0
DA:737,0
DA:745,0
DA:746,0
DA:748,0
DA:752,0
DA:753,0
DA:755,0
DA:757,0
DA:758,0
DA:759,0
DA:761,0
DA:763,0
DA:764,0
DA:765,0
DA:766,0
DA:774,0
DA:776,0
DA:780,0
DA:781,0
DA:784,0
DA:786,0
DA:787,0
DA:788,0
DA:790,0
DA:791,0
DA:792,0
DA:793,0
DA:795,0
DA:797,0
DA:798,0
DA:799,0
DA:800,0
DA:802,0
DA:809,0
DA:810,0
DA:811,0
DA:818,0
DA:819,0
DA:821,0
DA:822,0
DA:823,0
DA:825,0
DA:830,0
DA:831,0
DA:832,0
DA:836,0
DA:837,0
DA:838,0
DA:839,0
DA:840,0
DA:841,0
DA:842,0
DA:843,0
DA:845,0
DA:846,0
DA:848,0
DA:849,0
DA:850,0
DA:854,0
DA:856,0
DA:857,0
DA:859,0
DA:860,0
DA:862,0
DA:867,0
DA:869,0
DA:870,0
DA:872,0
DA:874,0
DA:877,0
DA:878,0
DA:880,0
DA:881,0
DA:889,0
DA:890,0
DA:897,0
DA:901,0
DA:903,0
DA:906,0
DA:907,0
DA:908,0
DA:909,0
DA:910,0
DA:911,0
DA:914,0
DA:923,0
DA:924,0
DA:925,0
DA:928,0
DA:935,0
DA:936,0
DA:937,0
DA:948,0
DA:950,0
DA:955,0
DA:957,0
DA:966,0
DA:969,0
DA:970,0
DA:971,0
DA:972,0
DA:973,0
DA:974,0
DA:977,0
DA:980,0
DA:982,0
DA:986,0
DA:987,0
DA:991,0
DA:992,0
DA:1007,0
DA:1008,0
DA:1009,0
DA:1031,0
DA:1032,0
DA:1033,0
DA:1034,0
DA:1035,0
DA:1036,0
DA:1038,0
DA:1044,0
DA:1046,0
DA:1047,0
DA:1054,0
DA:1056,0
DA:1057,0
DA:1058,0
DA:1061,0
DA:1063,0
DA:1064,0
DA:1065,0
DA:1066,0
DA:1067,0
DA:1070,0
DA:1071,0
DA:1072,0
DA:1077,0
DA:1079,0
DA:1080,0
DA:1083,0
DA:1085,0
DA:1086,0
DA:1087,0
DA:1088,0
DA:1091,0
DA:1096,0
DA:1097,0
DA:1098,0
DA:1099,0
DA:1100,0
DA:1101,0
DA:1102,0
DA:1104,0
DA:1105,0
DA:1106,0
DA:1108,0
DA:1109,0
DA:1110,0
DA:1111,0
DA:1115,0
DA:1116,0
DA:1117,0
DA:1118,0
DA:1119,0
DA:1121,0
DA:1125,0
DA:1126,0
DA:1128,0
DA:1131,0
DA:1132,0
LF:500
LH:0
end_of_record
SF:lib/features/report/presentation/view_model/report_view_model.dart
DA:6,0
DA:21,0
DA:23,0
DA:24,0
DA:25,0
DA:26,0
DA:27,0
DA:28,0
DA:29,0
DA:30,0
DA:31,0
DA:35,0
DA:36,0
DA:42,0
DA:43,0
DA:46,0
DA:47,0
DA:50,0
DA:51,0
DA:52,0
DA:53,0
DA:56,0
DA:57,0
DA:58,0
DA:61,0
DA:62,0
DA:68,0
DA:69,0
DA:70,0
DA:71,0
DA:74,0
DA:75,0
DA:76,0
DA:79,0
DA:80,0
DA:86,0
DA:90,0
DA:91,0
DA:92,0
DA:95,0
DA:96,0
DA:97,0
DA:100,0
DA:101,0
DA:107,0
DA:111,0
DA:112,0
DA:113,0
DA:116,0
DA:117,0
DA:118,0
DA:121,0
DA:122,0
DA:128,0
DA:129,0
DA:130,0
DA:132,0
DA:133,0
DA:134,0
DA:137,0
DA:138,0
DA:144,0
DA:147,0
DA:148,0
DA:150,0
DA:151,0
DA:152,0
DA:155,0
DA:156,0
DA:162,0
DA:163,0
DA:164,0
DA:166,0
DA:167,0
DA:168,0
DA:171,0
DA:172,0
DA:178,0
DA:179,0
DA:180,0
DA:181,0
DA:184,0
DA:185,0
DA:186,0
DA:189,0
DA:190,0
DA:196,0
DA:200,0
DA:201,0
DA:202,0
DA:205,0
DA:206,0
DA:207,0
DA:210,0
DA:211,0
LF:95
LH:0
end_of_record
SF:lib/features/report/presentation/widgets/report_bottom_sheet.dart
DA:4,0
DA:9,0
DA:12,0
DA:20,0
DA:22,0
DA:23,0
DA:33,0
DA:35,0
DA:36,0
DA:37,0
DA:40,0
DA:42,0
DA:44,0
DA:45,0
DA:49,0
DA:51,0
DA:52,0
DA:53,0
DA:56,0
DA:57,0
DA:58,0
DA:65,0
DA:66,0
DA:72,0
DA:73,0
DA:75,0
DA:78,0
DA:79,0
DA:81,0
DA:85,0
DA:86,0
DA:92,0
DA:93,0
DA:95,0
DA:98,0
DA:99,0
DA:101,0
DA:105,0
DA:106,0
DA:109,0
DA:111,0
DA:116,0
DA:117,0
DA:125,0
DA:126,0
DA:127,0
DA:128,0
DA:129,0
DA:134,0
DA:135,0
DA:136,0
DA:137,0
DA:138,0
DA:140,0
DA:141,0
DA:142,0
DA:143,0
DA:144,0
DA:146,0
LF:59
LH:0
end_of_record
SF:lib/features/chautari/presentation/pages/chautari_screen.dart
DA:14,3
DA:16,0
DA:17,0
DA:21,0
DA:22,0
DA:26,0
DA:29,0
DA:30,0
DA:31,0
DA:32,0
DA:34,0
DA:35,0
DA:36,0
DA:37,0
DA:40,0
DA:41,0
DA:47,0
DA:50,0
DA:52,0
DA:53,0
DA:54,0
DA:58,0
DA:59,0
DA:62,0
DA:63,0
DA:64,0
DA:66,0
DA:68,0
DA:69,0
DA:71,0
DA:72,0
DA:73,0
DA:74,0
DA:78,0
DA:80,0
DA:81,0
DA:83,0
DA:89,0
DA:97,0
DA:107,0
DA:108,0
DA:109,0
DA:114,0
DA:117,0
DA:124,0
DA:125,0
DA:126,0
DA:127,0
DA:128,0
DA:133,0
DA:134,0
DA:135,0
DA:149,0
DA:151,0
DA:152,0
DA:153,0
DA:154,0
DA:160,0
DA:161,0
DA:162,0
DA:164,0
DA:168,0
DA:170,0
DA:171,0
DA:172,0
DA:176,0
DA:178,0
DA:179,0
DA:182,0
DA:184,0
DA:185,0
DA:187,0
DA:188,0
DA:189,0
DA:190,0
DA:192,0
DA:198,0
DA:199,0
DA:200,0
DA:202,0
DA:203,0
DA:204,0
DA:205,0
DA:209,0
DA:210,0
DA:219,0
DA:220,0
DA:222,0
DA:223,0
DA:224,0
DA:229,0
DA:230,0
DA:231,0
DA:233,0
DA:236,0
DA:237,0
DA:239,0
DA:240,0
DA:244,0
DA:245,0
DA:246,0
DA:247,0
DA:249,0
DA:250,0
DA:253,0
DA:254,0
DA:256,0
DA:260,0
DA:261,0
DA:262,0
DA:263,0
DA:264,0
DA:265,0
DA:267,0
DA:268,0
DA:269,0
LF:116
LH:1
end_of_record
SF:lib/features/chautari/presentation/widgets/chautari_tile_widget.dart
DA:10,0
DA:18,0
DA:20,0
DA:21,0
DA:22,0
DA:23,0
DA:25,0
DA:27,0
DA:28,0
DA:29,0
DA:30,0
DA:31,0
DA:33,0
DA:34,0
DA:35,0
DA:37,0
DA:38,0
DA:41,0
DA:42,0
DA:43,0
DA:45,0
DA:46,0
DA:47,0
DA:49,0
DA:50,0
DA:51,0
DA:53,0
DA:59,0
DA:60,0
DA:62,0
DA:63,0
DA:64,0
DA:73,0
DA:74,0
DA:76,0
DA:79,0
DA:85,0
DA:86,0
DA:87,0
DA:96,0
DA:97,0
DA:99,0
DA:100,0
DA:102,0
DA:105,0
LF:45
LH:0
end_of_record
SF:lib/features/dashboard/presentation/pages/bottom_nav_screen/message_screen.dart
DA:5,3
DA:7,0
LF:2
LH:1
end_of_record
SF:lib/features/message/presentation/pages/messages_home_screen.dart
DA:14,3
DA:16,0
DA:17,0
DA:23,0
DA:25,0
DA:26,0
DA:27,0
DA:28,0
DA:29,0
DA:30,0
DA:34,0
DA:35,0
DA:38,0
DA:39,0
DA:40,0
DA:41,0
DA:43,0
DA:44,0
DA:46,0
DA:47,0
DA:49,0
DA:50,0
DA:52,0
DA:53,0
DA:55,0
DA:58,0
DA:59,0
DA:60,0
DA:65,0
DA:66,0
DA:67,0
DA:68,0
DA:75,0
DA:76,0
DA:83,0
DA:85,0
DA:86,0
DA:87,0
DA:89,0
DA:93,0
DA:95,0
DA:96,0
DA:98,0
DA:99,0
DA:100,0
DA:105,0
DA:106,0
DA:107,0
DA:108,0
DA:109,0
DA:110,0
DA:111,0
DA:120,0
DA:121,0
DA:122,0
DA:124,0
DA:125,0
DA:126,0
DA:127,0
DA:128,0
DA:129,0
DA:131,0
DA:132,0
DA:140,0
DA:141,0
DA:143,0
DA:144,0
DA:145,0
DA:146,0
DA:148,0
DA:155,0
DA:157,0
DA:158,0
DA:159,0
DA:160,0
DA:161,0
DA:163,0
DA:164,0
DA:165,0
DA:166,0
DA:167,0
DA:168,0
DA:169,0
DA:172,0
DA:173,0
DA:174,0
DA:175,0
DA:176,0
DA:178,0
DA:180,0
DA:181,0
DA:182,0
DA:183,0
DA:184,0
DA:186,0
DA:188,0
DA:189,0
DA:195,0
DA:196,0
DA:198,0
DA:200,0
DA:201,0
DA:202,0
DA:204,0
DA:205,0
DA:206,0
DA:208,0
DA:209,0
DA:212,0
DA:215,0
DA:218,0
DA:221,0
DA:225,0
DA:227,0
DA:228,0
DA:231,0
DA:238,0
DA:239,0
DA:240,0
DA:242,0
DA:243,0
DA:245,0
DA:247,0
DA:254,0
DA:255,0
DA:256,0
DA:258,0
DA:261,0
DA:262,0
DA:263,0
DA:272,0
DA:275,0
DA:278,0
DA:281,0
DA:282,0
DA:284,0
DA:292,0
DA:293,0
DA:294,0
DA:296,0
DA:297,0
DA:301,0
DA:305,0
DA:308,0
DA:309,0
DA:310,0
DA:313,0
DA:314,0
DA:317,0
DA:326,0
DA:327,0
DA:329,0
DA:330,0
DA:331,0
DA:332,0
DA:333,0
DA:336,0
DA:344,0
DA:352,0
DA:354,0
DA:356,0
DA:357,0
DA:367,0
DA:383,0
DA:384,0
DA:385,0
DA:386,0
DA:387,0
DA:388,0
DA:390,0
DA:393,0
DA:395,0
DA:396,0
DA:397,0
DA:398,0
DA:399,0
DA:407,0
DA:409,0
DA:410,0
DA:417,0
DA:419,0
DA:420,0
DA:423,0
DA:424,0
DA:427,0
DA:431,0
DA:432,0
DA:434,0
DA:435,0
DA:437,0
DA:438,0
DA:439,0
DA:440,0
DA:441,0
DA:442,0
DA:443,0
DA:444,0
DA:445,0
DA:450,0
DA:451,0
DA:452,0
DA:455,0
DA:456,0
DA:461,0
DA:463,0
DA:465,0
DA:466,0
DA:467,0
DA:468,0
DA:469,0
DA:470,0
DA:471,0
DA:478,0
DA:479,0
DA:481,0
DA:485,0
DA:487,0
DA:488,0
DA:489,0
DA:490,0
DA:491,0
DA:492,0
DA:493,0
DA:494,0
DA:496,0
DA:498,0
DA:499,0
DA:501,0
DA:502,0
DA:503,0
DA:504,0
DA:506,0
DA:507,0
DA:509,0
DA:512,0
DA:513,0
DA:514,0
DA:521,0
DA:522,0
DA:523,0
DA:535,0
DA:536,0
DA:537,0
DA:538,0
DA:539,0
DA:540,0
DA:542,0
LF:247
LH:1
end_of_record
SF:lib/features/home/presentation/pages/home_screen/chatbot_screen.dart
DA:5,3
DA:7,0
DA:8,0
DA:18,0
DA:19,0
DA:20,0
DA:22,0
DA:23,0
DA:24,0
DA:27,0
DA:29,0
DA:31,0
DA:32,0
DA:33,0
DA:37,0
DA:39,0
DA:40,0
DA:45,0
DA:46,0
DA:47,0
DA:48,0
DA:50,0
DA:51,0
DA:52,0
DA:53,0
DA:55,0
DA:59,0
DA:62,0
DA:66,0
DA:68,0
DA:69,0
DA:70,0
DA:81,0
DA:83,0
DA:84,0
DA:85,0
DA:86,0
DA:87,0
DA:95,0
DA:97,0
DA:103,0
DA:104,0
LF:42
LH:1
end_of_record
SF:lib/features/home/presentation/pages/home_screen/home_screen.dart
DA:11,3
DA:13,0
DA:14,0
DA:18,0
DA:20,0
DA:23,0
DA:25,0
DA:26,0
DA:27,0
DA:28,0
DA:31,0
DA:32,0
DA:33,0
DA:34,0
DA:35,0
DA:36,0
DA:38,0
DA:40,0
DA:42,0
DA:43,0
DA:44,0
DA:47,0
DA:48,0
DA:50,0
DA:52,0
DA:53,0
DA:55,0
DA:57,0
DA:63,0
DA:64,0
DA:66,0
DA:70,0
DA:71,0
DA:72,0
DA:74,0
DA:75,0
DA:76,0
DA:77,0
DA:83,0
DA:84,0
DA:85,0
DA:95,0
DA:96,0
DA:97,0
DA:99,0
DA:100,0
DA:104,0
DA:105,0
DA:107,0
DA:109,0
DA:110,0
DA:113,0
DA:126,0
DA:127,0
DA:128,0
DA:130,0
DA:144,0
LF:57
LH:1
end_of_record
SF:lib/features/message/domain/entities/message_entities.dart
DA:10,3
DA:18,0
DA:19,0
DA:20,0
DA:21,0
DA:22,0
DA:23,0
DA:24,0
DA:28,0
DA:29,0
DA:38,0
DA:45,0
DA:46,0
DA:47,0
DA:48,0
DA:53,0
DA:54,0
DA:68,0
DA:80,0
DA:81,0
DA:84,0
DA:85,0
DA:86,0
DA:87,0
DA:88,0
DA:89,0
DA:90,0
DA:91,0
DA:92,0
DA:93,0
DA:94,0
LF:31
LH:1
end_of_record
SF:lib/features/message/presentation/state/message_state.dart
DA:14,0
DA:23,3
DA:31,0
DA:40,0
DA:41,0
DA:42,0
DA:45,0
DA:47,0
DA:48,0
DA:53,0
DA:54,0
DA:57,0
DA:58,0
DA:61,0
DA:62,0
DA:63,0
DA:66,0
DA:67,0
DA:68,0
DA:69,0
DA:70,0
DA:71,0
DA:72,0
DA:73,0
LF:24
LH:1
end_of_record
SF:lib/features/message/presentation/view_model/message_view_model.dart
DA:10,0
DA:11,0
DA:26,0
DA:28,0
DA:29,0
DA:31,0
DA:32,0
DA:33,0
DA:34,0
DA:35,0
DA:37,0
DA:38,0
DA:40,0
DA:41,0
DA:42,0
DA:48,0
DA:49,0
DA:50,0
DA:52,0
DA:53,0
DA:54,0
DA:55,0
DA:59,0
DA:60,0
DA:61,0
DA:62,0
DA:65,0
DA:66,0
DA:69,0
DA:70,0
DA:73,0
DA:74,0
DA:77,0
DA:78,0
DA:81,0
DA:86,0
DA:87,0
DA:93,0
DA:94,0
DA:101,0
DA:102,0
DA:104,0
DA:107,0
DA:111,0
DA:112,0
DA:119,0
DA:122,0
DA:123,0
DA:126,0
DA:127,0
DA:128,0
DA:130,0
DA:134,0
DA:135,0
DA:136,0
DA:139,0
DA:140,0
DA:141,0
DA:143,0
DA:146,0
DA:156,0
DA:161,0
DA:167,0
DA:168,0
DA:175,0
DA:176,0
DA:177,0
DA:179,0
DA:182,0
DA:183,0
DA:184,0
DA:185,0
DA:186,0
DA:187,0
DA:190,0
DA:191,0
DA:193,0
DA:195,0
DA:205,0
DA:209,0
DA:210,0
DA:212,0
DA:214,0
DA:215,0
DA:218,0
DA:219,0
DA:220,0
DA:222,0
DA:226,0
DA:227,0
DA:228,0
DA:229,0
DA:238,0
DA:239,0
DA:240,0
DA:243,0
DA:244,0
DA:245,0
DA:247,0
DA:248,0
DA:249,0
DA:250,0
DA:253,0
DA:254,0
DA:255,0
DA:257,0
DA:258,0
DA:260,0
DA:261,0
DA:264,0
DA:267,0
DA:268,0
DA:269,0
DA:270,0
DA:271,0
DA:274,0
DA:276,0
DA:283,0
DA:284,0
DA:285,0
DA:287,0
DA:288,0
DA:289,0
DA:293,0
DA:294,0
DA:295,0
DA:296,0
DA:297,0
DA:300,0
DA:301,0
DA:302,0
DA:304,0
DA:307,0
DA:308,0
DA:309,0
DA:310,0
DA:312,0
DA:313,0
DA:315,0
DA:317,0
DA:319,0
DA:320,0
DA:321,0
DA:324,0
DA:326,0
DA:330,0
DA:331,0
DA:332,0
DA:334,0
DA:336,0
DA:340,0
DA:341,0
DA:342,0
DA:346,0
DA:347,0
DA:349,0
DA:350,0
DA:354,0
DA:355,0
DA:356,0
DA:359,0
DA:362,0
DA:363,0
DA:365,0
DA:366,0
DA:368,0
DA:369,0
DA:370,0
DA:371,0
DA:372,0
DA:373,0
DA:382,0
DA:385,0
DA:388,0
DA:391,0
DA:392,0
DA:393,0
DA:394,0
DA:395,0
DA:397,0
DA:398,0
DA:400,0
DA:401,0
DA:402,0
DA:407,0
LF:185
LH:0
end_of_record
SF:lib/features/notification/presentation/state/notification_state.dart
DA:11,0
DA:17,3
DA:22,0
DA:27,0
DA:28,0
DA:29,0
DA:34,0
DA:36,0
DA:37,0
LF:9
LH:1
end_of_record
SF:lib/features/notification/presentation/view_model/notification_view_model.dart
DA:10,0
DA:11,0
DA:24,0
DA:26,0
DA:27,0
DA:28,0
DA:30,0
DA:31,0
DA:33,0
DA:34,0
DA:36,0
DA:37,0
DA:38,0
DA:44,0
DA:45,0
DA:50,0
DA:51,0
DA:54,0
DA:55,0
DA:56,0
DA:58,0
DA:61,0
DA:62,0
DA:71,0
DA:72,0
DA:73,0
DA:76,0
DA:77,0
DA:78,0
DA:80,0
DA:83,0
DA:84,0
DA:85,0
DA:86,0
DA:87,0
DA:96,0
DA:97,0
DA:102,0
DA:104,0
DA:105,0
DA:106,0
DA:108,0
DA:111,0
DA:112,0
DA:113,0
DA:114,0
DA:115,0
DA:124,0
DA:125,0
DA:126,0
DA:127,0
DA:128,0
DA:129,0
DA:133,0
DA:134,0
DA:136,0
DA:141,0
DA:142,0
DA:143,0
DA:144,0
LF:60
LH:0
end_of_record
SF:lib/features/profile/presentation/pages/profile_screen.dart
DA:40,0
DA:47,0
DA:48,0
DA:81,0
DA:83,0
DA:84,0
DA:85,0
DA:86,0
DA:87,0
DA:88,0
DA:89,0
DA:90,0
DA:91,0
DA:92,0
DA:93,0
DA:94,0
DA:95,0
DA:96,0
DA:98,0
DA:99,0
DA:101,0
DA:102,0
DA:105,0
DA:107,0
DA:109,0
DA:110,0
DA:112,0
DA:113,0
DA:115,0
DA:117,0
DA:118,0
DA:119,0
DA:120,0
DA:121,0
DA:122,0
DA:123,0
DA:124,0
DA:125,0
DA:126,0
DA:127,0
DA:128,0
DA:129,0
DA:131,0
DA:132,0
DA:133,0
DA:135,0
DA:136,0
DA:137,0
DA:138,0
DA:139,0
DA:140,0
DA:145,0
DA:147,0
DA:148,0
DA:149,0
DA:150,0
DA:151,0
DA:154,0
DA:155,0
DA:156,0
DA:157,0
DA:161,0
DA:162,0
DA:163,0
DA:164,0
DA:165,0
DA:168,0
DA:169,0
DA:172,0
DA:173,0
DA:174,0
DA:175,0
DA:176,0
DA:179,0
DA:180,0
DA:181,0
DA:182,0
DA:187,0
DA:188,0
DA:189,0
DA:191,0
DA:192,0
DA:193,0
DA:198,0
DA:201,0
DA:203,0
DA:212,0
DA:214,0
DA:216,0
DA:218,0
DA:223,0
DA:224,0
DA:225,0
DA:227,0
DA:228,0
DA:229,0
DA:232,0
DA:233,0
DA:237,0
DA:238,0
DA:239,0
DA:243,0
DA:244,0
DA:246,0
DA:247,0
DA:249,0
DA:257,0
DA:258,0
DA:260,0
DA:261,0
DA:264,0
DA:267,0
DA:268,0
DA:269,0
DA:272,0
DA:273,0
DA:275,0
DA:276,0
DA:279,0
DA:282,0
DA:283,0
DA:284,0
DA:294,0
DA:295,0
DA:298,0
DA:303,0
DA:304,0
DA:305,0
DA:306,0
DA:307,0
DA:308,0
DA:309,0
DA:312,0
DA:313,0
DA:314,0
DA:315,0
DA:316,0
DA:317,0
DA:322,0
DA:323,0
DA:324,0
DA:325,0
DA:326,0
DA:327,0
DA:329,0
DA:330,0
DA:331,0
DA:332,0
DA:336,0
DA:340,0
DA:341,0
DA:342,0
DA:343,0
DA:344,0
DA:345,0
DA:346,0
DA:347,0
DA:352,0
DA:353,0
DA:354,0
DA:357,0
DA:361,0
DA:362,0
DA:385,0
DA:386,0
DA:414,0
DA:419,0
DA:420,0
DA:423,0
DA:424,0
DA:425,0
DA:430,0
DA:431,0
DA:437,0
DA:440,0
DA:441,0
DA:442,0
DA:443,0
DA:445,0
DA:446,0
DA:447,0
DA:449,0
DA:452,0
DA:453,0
DA:455,0
DA:462,0
DA:463,0
DA:464,0
DA:472,0
DA:474,0
DA:475,0
DA:476,0
DA:483,0
DA:484,0
DA:485,0
DA:500,0
DA:501,0
DA:504,0
DA:505,0
DA:508,0
DA:511,0
DA:512,0
DA:513,0
DA:514,0
DA:515,0
DA:517,0
DA:518,0
DA:521,0
DA:522,0
DA:523,0
DA:524,0
DA:525,0
DA:529,0
DA:530,0
DA:532,0
DA:534,0
DA:535,0
DA:539,0
DA:540,0
DA:541,0
DA:542,0
DA:543,0
DA:546,0
DA:547,0
DA:548,0
DA:549,0
DA:550,0
DA:551,0
DA:552,0
DA:555,0
DA:559,0
DA:560,0
DA:562,0
DA:563,0
DA:566,0
DA:567,0
DA:568,0
DA:569,0
DA:572,0
DA:573,0
DA:577,0
DA:578,0
DA:579,0
DA:580,0
DA:581,0
DA:582,0
DA:583,0
DA:584,0
DA:585,0
DA:586,0
DA:590,0
DA:592,0
DA:593,0
DA:594,0
DA:595,0
DA:596,0
DA:599,0
DA:603,0
DA:604,0
DA:607,0
DA:610,0
DA:611,0
DA:612,0
DA:614,0
DA:615,0
DA:616,0
DA:618,0
DA:620,0
DA:621,0
DA:622,0
DA:627,0
DA:628,0
DA:629,0
DA:632,0
DA:636,0
DA:637,0
DA:640,0
DA:641,0
DA:644,0
DA:645,0
DA:649,0
DA:650,0
DA:651,0
DA:654,0
DA:655,0
DA:656,0
DA:658,0
DA:663,0
DA:664,0
DA:665,0
DA:666,0
DA:674,0
DA:675,0
DA:676,0
DA:678,0
DA:679,0
DA:685,0
DA:686,0
DA:687,0
DA:689,0
DA:691,0
DA:692,0
DA:696,0
DA:699,0
DA:700,0
DA:701,0
DA:702,0
DA:703,0
DA:705,0
DA:706,0
DA:710,0
DA:711,0
DA:712,0
DA:713,0
DA:714,0
DA:715,0
DA:717,0
DA:718,0
DA:720,0
DA:721,0
DA:722,0
DA:723,0
DA:724,0
DA:725,0
DA:726,0
DA:729,0
DA:731,0
DA:732,0
DA:733,0
DA:739,0
DA:740,0
DA:741,0
DA:742,0
DA:743,0
DA:744,0
DA:745,0
DA:746,0
DA:747,0
DA:752,0
DA:753,0
DA:756,0
DA:757,0
DA:758,0
DA:759,0
DA:760,0
DA:761,0
DA:764,0
DA:765,0
DA:766,0
DA:769,0
DA:770,0
DA:771,0
DA:778,0
DA:779,0
DA:783,0
DA:784,0
DA:785,0
DA:788,0
DA:789,0
DA:790,0
DA:791,0
DA:792,0
DA:797,0
DA:799,0
DA:800,0
DA:802,0
DA:804,0
DA:805,0
DA:806,0
DA:807,0
DA:808,0
DA:809,0
DA:810,0
DA:811,0
DA:812,0
DA:816,0
DA:819,0
DA:820,0
DA:821,0
DA:822,0
DA:825,0
DA:826,0
DA:827,0
DA:830,0
DA:831,0
DA:832,0
DA:838,0
DA:839,0
DA:840,0
DA:841,0
DA:842,0
DA:843,0
DA:846,0
DA:847,0
DA:848,0
DA:853,0
DA:854,0
DA:855,0
DA:856,0
DA:857,0
DA:858,0
DA:863,0
DA:867,0
DA:869,0
DA:870,0
DA:871,0
DA:874,0
DA:875,0
DA:876,0
DA:879,0
DA:884,0
DA:887,0
DA:888,0
DA:891,0
DA:892,0
DA:894,0
DA:899,0
DA:900,0
DA:901,0
DA:902,0
DA:903,0
DA:904,0
DA:905,0
DA:906,0
DA:909,0
DA:910,0
DA:913,0
DA:914,0
DA:915,0
DA:916,0
DA:917,0
DA:918,0
DA:919,0
DA:924,0
DA:925,0
DA:926,0
DA:928,0
DA:929,0
DA:932,0
DA:936,0
DA:937,0
DA:938,0
DA:939,0
DA:940,0
DA:944,0
DA:946,0
DA:949,0
DA:953,0
DA:955,0
DA:956,0
DA:957,0
DA:959,0
DA:960,0
DA:961,0
DA:962,0
DA:963,0
DA:964,0
DA:966,0
DA:967,0
DA:968,0
DA:969,0
DA:971,0
DA:972,0
DA:973,0
DA:974,0
DA:975,0
DA:976,0
DA:977,0
DA:978,0
DA:979,0
DA:980,0
DA:981,0
DA:983,0
DA:984,0
DA:985,0
DA:986,0
DA:987,0
DA:988,0
DA:991,0
DA:992,0
DA:993,0
DA:994,0
DA:995,0
DA:999,0
DA:1000,0
DA:1004,0
DA:1005,0
DA:1006,0
DA:1008,0
DA:1009,0
DA:1010,0
DA:1011,0
DA:1012,0
DA:1013,0
DA:1014,0
DA:1015,0
DA:1016,0
DA:1018,0
DA:1020,0
DA:1021,0
DA:1022,0
DA:1023,0
DA:1025,0
DA:1026,0
DA:1030,0
DA:1031,0
DA:1033,0
DA:1035,0
DA:1036,0
DA:1038,0
DA:1039,0
DA:1041,0
DA:1043,0
DA:1048,0
DA:1052,0
DA:1053,0
DA:1054,0
DA:1056,0
DA:1057,0
DA:1059,0
DA:1060,0
DA:1063,0
DA:1064,0
DA:1065,0
DA:1066,0
DA:1067,0
DA:1070,0
DA:1071,0
DA:1072,0
DA:1073,0
DA:1074,0
DA:1081,0
DA:1082,0
DA:1083,0
DA:1084,0
DA:1085,0
DA:1086,0
DA:1087,0
DA:1091,0
DA:1094,0
DA:1103,0
DA:1104,0
DA:1105,0
DA:1106,0
DA:1107,0
DA:1109,0
DA:1110,0
DA:1111,0
DA:1112,0
DA:1115,0
DA:1117,0
DA:1119,0
DA:1121,0
DA:1122,0
DA:1123,0
DA:1124,0
DA:1125,0
DA:1129,0
DA:1131,0
DA:1132,0
DA:1133,0
DA:1134,0
DA:1135,0
DA:1136,0
DA:1137,0
DA:1138,0
DA:1139,0
DA:1145,0
DA:1146,0
DA:1147,0
DA:1148,0
DA:1150,0
DA:1156,0
DA:1157,0
DA:1160,0
DA:1161,0
DA:1162,0
DA:1165,0
DA:1167,0
DA:1170,0
DA:1173,0
DA:1186,0
DA:1187,0
DA:1188,0
DA:1190,0
DA:1192,0
DA:1194,0
DA:1196,0
DA:1197,0
DA:1198,0
DA:1199,0
DA:1200,0
DA:1201,0
DA:1202,0
DA:1203,0
DA:1208,0
DA:1209,0
DA:1210,0
DA:1211,0
DA:1213,0
DA:1214,0
DA:1218,0
DA:1219,0
DA:1222,0
DA:1225,0
DA:1226,0
DA:1227,0
DA:1232,0
DA:1235,0
DA:1236,0
DA:1238,0
DA:1241,0
DA:1242,0
DA:1243,0
DA:1248,0
DA:1249,0
DA:1250,0
DA:1251,0
DA:1254,0
DA:1265,0
DA:1266,0
DA:1267,0
DA:1268,0
DA:1269,0
DA:1270,0
DA:1271,0
DA:1273,0
DA:1277,0
DA:1278,0
DA:1280,0
DA:1284,0
DA:1286,0
DA:1287,0
DA:1289,0
DA:1292,0
DA:1293,0
DA:1294,0
DA:1297,0
DA:1298,0
DA:1301,0
DA:1308,0
DA:1310,0
DA:1312,0
DA:1313,0
DA:1315,0
DA:1316,0
DA:1318,0
DA:1319,0
DA:1320,0
DA:1322,0
DA:1349,0
DA:1350,0
DA:1351,0
DA:1352,0
DA:1353,0
DA:1354,0
DA:1355,0
DA:1357,0
DA:1358,0
DA:1362,0
DA:1364,0
DA:1365,0
DA:1366,0
DA:1367,0
DA:1374,0
DA:1375,0
DA:1376,0
DA:1377,0
DA:1378,0
DA:1379,0
DA:1380,0
DA:1386,0
DA:1399,0
DA:1400,0
DA:1401,0
DA:1403,0
DA:1404,0
DA:1406,0
DA:1413,0
DA:1414,0
DA:1439,0
DA:1440,0
DA:1443,0
DA:1444,0
DA:1445,0
DA:1446,0
DA:1447,0
DA:1448,0
DA:1450,0
DA:1452,0
DA:1453,0
DA:1454,0
DA:1455,0
DA:1456,0
DA:1457,0
DA:1464,0
DA:1465,0
DA:1466,0
DA:1467,0
DA:1469,0
DA:1471,0
DA:1473,0
DA:1474,0
DA:1480,0
DA:1481,0
DA:1488,0
DA:1489,0
DA:1514,0
DA:1515,0
DA:1518,0
DA:1519,0
DA:1520,0
DA:1521,0
DA:1522,0
DA:1523,0
DA:1524,0
DA:1527,0
DA:1528,0
DA:1529,0
DA:1530,0
DA:1543,0
DA:1551,0
DA:1557,0
DA:1558,0
DA:1563,0
DA:1564,0
DA:1570,0
DA:1576,0
DA:1577,0
DA:1578,0
DA:1579,0
DA:1581,0
DA:1582,0
DA:1586,0
DA:1587,0
DA:1588,0
DA:1589,0
DA:1595,0
DA:1597,0
DA:1599,0
DA:1600,0
DA:1601,0
DA:1602,0
DA:1605,0
DA:1606,0
DA:1607,0
DA:1609,0
DA:1612,0
DA:1613,0
DA:1615,0
DA:1622,0
DA:1627,0
DA:1628,0
DA:1629,0
DA:1631,0
DA:1633,0
DA:1643,0
DA:1645,0
DA:1648,0
DA:1651,0
DA:1653,0
DA:1655,0
DA:1656,0
DA:1657,0
DA:1658,0
DA:1659,0
DA:1661,0
DA:1664,0
DA:1679,0
DA:1680,0
DA:1682,0
DA:1683,0
DA:1685,0
DA:1686,0
DA:1690,0
DA:1691,0
DA:1693,0
DA:1699,0
DA:1700,0
DA:1701,0
DA:1702,0
DA:1705,0
DA:1706,0
DA:1707,0
DA:1708,0
DA:1709,0
DA:1713,0
DA:1714,0
DA:1715,0
DA:1716,0
DA:1719,0
DA:1720,0
DA:1723,0
DA:1724,0
DA:1725,0
DA:1726,0
DA:1732,0
DA:1734,0
DA:1735,0
DA:1738,0
DA:1739,0
DA:1740,0
DA:1741,0
DA:1742,0
DA:1744,0
DA:1746,0
DA:1747,0
DA:1749,0
DA:1750,0
DA:1751,0
DA:1752,0
DA:1755,0
DA:1760,0
DA:1761,0
DA:1762,0
DA:1765,0
DA:1766,0
DA:1780,0
DA:1784,0
DA:1788,0
DA:1797,0
DA:1800,0
DA:1804,0
DA:1820,0
DA:1821,0
DA:1824,0
DA:1828,0
DA:1829,0
DA:1830,0
DA:1833,0
DA:1836,0
DA:1837,0
DA:1839,0
DA:1841,0
DA:1843,0
DA:1857,0
DA:1861,0
DA:1863,0
DA:1866,0
DA:1869,0
DA:1870,0
DA:1887,0
DA:1889,0
DA:1890,0
DA:1891,0
DA:1892,0
DA:1894,0
DA:1900,0
DA:1901,0
DA:1902,0
DA:1906,0
DA:1918,3
LF:852
LH:1
end_of_record
SF:lib/features/sensor/data/services/shake_detector_service.dart
DA:12,0
DA:17,0
DA:19,0
DA:20,0
DA:21,0
DA:22,0
DA:23,0
DA:25,0
DA:27,0
DA:28,0
DA:29,0
DA:30,0
DA:34,0
DA:35,0
DA:36,0
LF:15
LH:0
end_of_record
SF:lib/features/search/presentation/pages/search_screen.dart
DA:23,3
DA:25,0
DA:26,0
DA:33,0
DA:34,0
DA:35,0
DA:36,0
DA:38,0
DA:39,0
DA:40,0
DA:41,0
DA:44,0
DA:45,0
DA:51,0
DA:54,0
DA:56,0
DA:57,0
DA:58,0
DA:61,0
DA:62,0
DA:63,0
DA:64,0
DA:65,0
DA:66,0
DA:69,0
DA:70,0
DA:72,0
DA:75,0
DA:79,0
DA:80,0
DA:83,0
DA:84,0
DA:86,0
DA:91,0
DA:92,0
DA:93,0
DA:94,0
DA:95,0
DA:96,0
DA:97,0
DA:98,0
DA:101,0
DA:102,0
DA:104,0
DA:105,0
DA:106,0
DA:107,0
DA:108,0
DA:109,0
DA:110,0
DA:114,0
DA:115,0
DA:116,0
DA:117,0
DA:119,0
DA:121,0
DA:125,0
DA:126,0
DA:127,0
DA:128,0
DA:129,0
DA:133,0
DA:135,0
DA:138,0
DA:142,0
DA:144,0
DA:145,0
DA:146,0
DA:147,0
DA:148,0
DA:149,0
DA:150,0
DA:151,0
DA:153,0
DA:154,0
DA:155,0
DA:156,0
DA:157,0
DA:159,0
DA:160,0
DA:161,0
DA:163,0
DA:166,0
DA:168,0
DA:169,0
DA:170,0
DA:171,0
DA:172,0
DA:176,0
DA:177,0
DA:183,0
DA:184,0
DA:186,0
DA:187,0
DA:188,0
DA:189,0
DA:197,0
DA:198,0
DA:199,0
DA:201,0
DA:202,0
DA:210,0
DA:211,0
DA:215,0
DA:217,0
DA:218,0
DA:219,0
DA:220,0
DA:221,0
DA:224,0
DA:225,0
DA:227,0
DA:228,0
DA:229,0
DA:232,0
DA:233,0
DA:234,0
DA:235,0
DA:236,0
DA:237,0
DA:240,0
DA:241,0
DA:243,0
DA:244,0
DA:249,0
DA:250,0
DA:251,0
DA:252,0
DA:253,0
DA:254,0
DA:256,0
DA:257,0
DA:258,0
DA:265,0
DA:266,0
DA:267,0
DA:269,0
DA:270,0
DA:277,0
DA:278,0
DA:281,0
DA:283,0
DA:284,0
DA:285,0
DA:286,0
DA:287,0
DA:289,0
DA:307,0
DA:309,0
DA:311,0
DA:312,0
DA:313,0
DA:315,0
DA:317,0
DA:318,0
DA:319,0
DA:320,0
DA:322,0
DA:323,0
DA:325,0
DA:326,0
DA:331,0
DA:332,0
DA:335,0
DA:341,0
DA:342,0
DA:343,0
DA:344,0
DA:345,0
DA:346,0
DA:348,0
LF:171
LH:1
end_of_record
SF:lib/features/friend_request/data/models/friend_request_api_model.dart
DA:11,0
DA:19,0
DA:20,0
DA:21,0
DA:22,0
DA:23,0
DA:24,0
DA:25,0
DA:26,0
DA:27,0
DA:31,0
DA:32,0
DA:41,0
DA:42,0
DA:43,0
DA:44,0
DA:45,0
DA:46,0
DA:47,0
DA:51,0
DA:52,0
DA:53,0
DA:54,0
DA:55,0
DA:56,0
DA:58,0
DA:69,0
DA:77,0
DA:78,0
DA:79,0
DA:80,0
DA:81,0
DA:82,0
DA:83,0
DA:87,0
DA:88,0
DA:89,0
DA:90,0
DA:91,0
DA:92,0
DA:93,0
DA:102,0
DA:104,0
DA:105,0
DA:106,0
DA:107,0
DA:111,0
DA:112,0
LF:48
LH:0
end_of_record
SF:lib/features/friend_request/data/datasources/remote/friend_request_remote_datasource.dart
DA:7,0
DA:8,0
DA:9,0
DA:10,0
DA:17,0
DA:20,0
DA:22,0
DA:23,0
DA:25,0
DA:26,0
DA:30,0
DA:32,0
DA:35,0
DA:37,0
DA:38,0
DA:40,0
DA:41,0
DA:45,0
DA:47,0
DA:48,0
DA:50,0
DA:51,0
DA:55,0
DA:57,0
DA:60,0
DA:62,0
DA:63,0
DA:64,0
DA:68,0
DA:70,0
DA:71,0
DA:72,0
DA:73,0
DA:74,0
DA:77,0
DA:82,0
DA:84,0
DA:87,0
DA:89,0
DA:90,0
DA:91,0
DA:93,0
DA:96,0
DA:101,0
DA:103,0
DA:106,0
DA:108,0
DA:109,0
DA:110,0
DA:112,0
LF:50
LH:0
end_of_record
SF:lib/features/friend_request/domain/entities/friend_request_entity.dart
DA:10,0
DA:18,0
DA:19,0
DA:21,0
DA:22,0
DA:32,0
DA:40,0
DA:41,0
DA:48,3
DA:50,0
DA:51,0
LF:11
LH:1
end_of_record
SF:lib/features/friend_request/data/repositories/friend_request_repository.dart
DA:12,0
DA:15,0
DA:16,0
DA:17,0
DA:18,0
DA:27,0
DA:38,0
DA:39,0
DA:40,0
DA:41,0
DA:43,0
DA:44,0
DA:45,0
DA:46,0
DA:47,0
DA:48,0
DA:49,0
DA:50,0
DA:54,0
DA:55,0
DA:56,0
DA:57,0
DA:58,0
DA:61,0
DA:62,0
DA:63,0
DA:64,0
DA:65,0
DA:66,0
DA:69,0
DA:70,0
DA:71,0
DA:72,0
DA:75,0
DA:76,0
DA:79,0
DA:80,0
DA:82,0
DA:83,0
DA:84,0
DA:85,0
DA:86,0
DA:91,0
DA:96,0
DA:97,0
DA:98,0
DA:99,0
DA:102,0
DA:103,0
DA:106,0
DA:107,0
DA:109,0
DA:110,0
DA:111,0
DA:112,0
DA:113,0
DA:117,0
DA:122,0
DA:126,0
DA:130,0
DA:131,0
DA:132,0
DA:133,0
DA:134,0
DA:135,0
DA:136,0
DA:137,0
DA:141,0
DA:145,0
DA:147,0
DA:151,0
DA:152,0
DA:154,0
DA:155,0
DA:156,0
DA:157,0
DA:158,0
DA:162,0
DA:166,0
DA:170,0
DA:174,0
DA:175,0
DA:176,0
DA:177,0
DA:178,0
DA:179,0
DA:180,0
DA:181,0
DA:185,0
DA:189,0
DA:193,0
DA:197,0
DA:198,0
DA:199,0
DA:200,0
DA:201,0
DA:202,0
DA:203,0
DA:204,0
DA:208,0
DA:212,0
DA:214,0
DA:218,0
DA:219,0
DA:221,0
DA:222,0
DA:223,0
DA:224,0
DA:225,0
DA:229,0
DA:233,0
DA:235,0
DA:236,0
DA:237,0
DA:241,0
DA:242,0
DA:243,0
DA:244,0
DA:245,0
DA:246,0
DA:247,0
DA:248,0
DA:249,0
DA:250,0
DA:251,0
DA:255,0
DA:256,0
DA:257,0
DA:261,0
DA:263,0
DA:264,0
DA:265,0
DA:269,0
DA:270,0
DA:271,0
DA:272,0
DA:273,0
DA:274,0
DA:275,0
DA:276,0
DA:278,0
DA:279,0
DA:283,0
DA:284,0
DA:285,0
DA:289,0
DA:294,0
DA:298,0
DA:302,0
DA:303,0
DA:304,0
DA:305,0
DA:307,0
DA:309,0
DA:313,0
DA:317,0
DA:322,0
DA:326,0
DA:330,0
DA:331,0
DA:332,0
DA:333,0
DA:335,0
DA:337,0
DA:341,0
DA:350,0
DA:357,0
LF:167
LH:0
end_of_record
SF:lib/features/friend_request/domain/usecases/friend_request_actions_usecase.dart
DA:12,0
DA:13,0
DA:14,0
DA:19,0
DA:20,0
DA:21,0
DA:26,0
DA:27,0
DA:28,0
DA:33,0
DA:34,0
DA:35,0
DA:41,0
DA:42,0
DA:43,0
DA:46,0
DA:49,0
DA:50,0
DA:54,0
DA:57,0
DA:58,0
DA:62,0
DA:65,0
DA:66,0
DA:70,0
DA:73,0
DA:74,0
DA:78,0
DA:79,0
DA:82,0
DA:83,0
DA:84,0
DA:85,0
DA:89,0
DA:90,0
DA:91,0
DA:92,0
DA:99,0
DA:102,0
DA:106,0
DA:113,0
DA:116,0
DA:118,0
DA:126,0
DA:129,0
DA:133,0
DA:141,0
DA:144,0
DA:148,0
DA:154,0
DA:157,0
DA:159,0
DA:167,0
DA:170,0
DA:174,0
DA:182,0
DA:185,0
DA:189,0
LF:58
LH:0
end_of_record
SF:lib/features/friend_request/domain/usecases/get_friend_status_usecase.dart
DA:13,0
DA:15,0
DA:16,0
DA:19,0
DA:20,0
DA:27,0
DA:30,0
DA:32,0
LF:8
LH:0
end_of_record
SF:lib/features/friend_request/presentation/state/friend_request_state.dart
DA:14,0
DA:23,3
DA:31,0
DA:41,0
DA:42,0
DA:45,0
DA:48,0
DA:49,0
DA:50,0
DA:55,0
DA:56,0
DA:57,0
DA:58,0
DA:59,0
DA:60,0
DA:61,0
DA:62,0
LF:17
LH:1
end_of_record
SF:lib/features/friend_request/presentation/view_model/friend_request_view_model.dart
DA:7,0
DA:8,0
DA:22,0
DA:24,0
DA:25,0
DA:26,0
DA:27,0
DA:28,0
DA:29,0
DA:30,0
DA:31,0
DA:35,0
DA:36,0
DA:37,0
DA:38,0
DA:44,0
DA:46,0
DA:47,0
DA:48,0
DA:52,0
DA:55,0
DA:56,0
DA:66,0
DA:67,0
DA:72,0
DA:73,0
DA:75,0
DA:76,0
DA:77,0
DA:79,0
DA:83,0
DA:84,0
DA:86,0
DA:87,0
DA:88,0
DA:99,0
DA:100,0
DA:105,0
DA:106,0
DA:109,0
DA:110,0
DA:111,0
DA:113,0
DA:117,0
DA:118,0
DA:119,0
DA:120,0
DA:121,0
DA:122,0
DA:133,0
DA:134,0
DA:139,0
DA:140,0
DA:143,0
DA:144,0
DA:145,0
DA:147,0
DA:151,0
DA:152,0
DA:153,0
DA:154,0
DA:155,0
DA:157,0
DA:158,0
DA:159,0
DA:160,0
DA:163,0
DA:164,0
DA:165,0
DA:177,0
DA:178,0
DA:183,0
DA:184,0
DA:187,0
DA:188,0
DA:189,0
DA:191,0
DA:195,0
DA:196,0
DA:197,0
DA:198,0
DA:199,0
DA:201,0
DA:202,0
DA:213,0
DA:214,0
DA:219,0
DA:220,0
DA:221,0
DA:222,0
DA:224,0
DA:228,0
DA:229,0
DA:230,0
DA:231,0
DA:232,0
DA:233,0
DA:244,0
DA:245,0
DA:246,0
DA:249,0
DA:250,0
DA:251,0
DA:253,0
DA:256,0
DA:257,0
DA:266,0
DA:267,0
DA:268,0
DA:271,0
DA:272,0
DA:273,0
DA:275,0
DA:278,0
DA:279,0
LF:115
LH:0
end_of_record
SF:lib/features/home/presentation/pages/home_screen/feed_screen.dart
DA:10,3
DA:12,0
DA:13,0
DA:23,0
DA:25,0
DA:26,0
DA:29,0
DA:30,0
DA:31,0
DA:32,0
DA:33,0
DA:34,0
DA:35,0
DA:39,0
DA:40,0
DA:41,0
DA:43,0
DA:46,0
DA:48,0
DA:49,0
DA:50,0
DA:53,0
DA:54,0
DA:55,0
DA:56,0
DA:57,0
DA:58,0
DA:59,0
DA:64,0
DA:66,0
DA:67,0
DA:68,0
DA:70,0
DA:71,0
DA:72,0
DA:76,0
DA:77,0
DA:78,0
DA:79,0
DA:80,0
DA:81,0
DA:82,0
DA:87,0
DA:88,0
DA:89,0
DA:90,0
DA:93,0
DA:94,0
DA:95,0
DA:101,0
DA:103,0
DA:104,0
DA:105,0
DA:106,0
DA:107,0
DA:108,0
DA:111,0
DA:112,0
DA:113,0
DA:114,0
DA:115,0
DA:116,0
DA:117,0
DA:118,0
DA:119,0
DA:120,0
DA:122,0
DA:123,0
DA:125,0
DA:126,0
DA:127,0
DA:128,0
DA:131,0
DA:132,0
DA:135,0
DA:136,0
DA:138,0
DA:139,0
DA:140,0
DA:142,0
DA:146,0
DA:147,0
DA:148,0
DA:150,0
DA:152,0
DA:153,0
DA:154,0
DA:158,0
DA:159,0
DA:168,0
DA:169,0
DA:170,0
DA:171,0
DA:181,0
DA:182,0
DA:183,0
DA:185,0
DA:186,0
DA:187,0
DA:188,0
DA:191,0
DA:192,0
DA:198,0
LF:103
LH:1
end_of_record
SF:lib/features/post/presentation/state/post_state.dart
DA:13,0
DA:21,3
DA:28,0
DA:35,0
DA:36,0
DA:37,0
DA:38,0
DA:39,0
DA:44,0
DA:45,0
DA:46,0
DA:47,0
DA:48,0
DA:49,0
DA:50,0
LF:15
LH:1
end_of_record
SF:lib/features/home/presentation/pages/home_screen/friend_feed_screen.dart
DA:10,3
DA:12,0
DA:13,0
DA:22,0
DA:24,0
DA:25,0
DA:28,0
DA:29,0
DA:30,0
DA:31,0
DA:32,0
DA:33,0
DA:37,0
DA:38,0
DA:39,0
DA:41,0
DA:44,0
DA:45,0
DA:46,0
DA:49,0
DA:50,0
DA:51,0
DA:52,0
DA:53,0
DA:54,0
DA:59,0
DA:61,0
DA:62,0
DA:63,0
DA:65,0
DA:66,0
DA:67,0
DA:71,0
DA:72,0
DA:73,0
DA:74,0
DA:75,0
DA:76,0
DA:77,0
DA:82,0
DA:83,0
DA:84,0
DA:87,0
DA:88,0
DA:89,0
DA:95,0
DA:97,0
DA:99,0
DA:100,0
DA:101,0
DA:102,0
DA:103,0
DA:104,0
DA:107,0
DA:108,0
DA:110,0
DA:111,0
DA:112,0
DA:113,0
DA:114,0
DA:115,0
DA:117,0
DA:118,0
DA:120,0
DA:121,0
DA:123,0
DA:124,0
DA:125,0
DA:126,0
DA:129,0
DA:130,0
DA:132,0
DA:136,0
DA:137,0
DA:138,0
DA:140,0
DA:142,0
DA:143,0
DA:144,0
DA:148,0
DA:149,0
DA:158,0
DA:159,0
DA:160,0
DA:161,0
DA:171,0
DA:172,0
DA:173,0
DA:175,0
DA:176,0
DA:177,0
DA:178,0
DA:179,0
DA:183,0
DA:184,0
DA:191,0
LF:96
LH:1
end_of_record
SF:lib/features/notification/presentation/pages/notification_screen.dart
DA:9,3
DA:11,0
DA:12,0
DA:20,0
DA:22,0
DA:23,0
DA:24,0
DA:25,0
DA:26,0
DA:27,0
DA:31,0
DA:32,0
DA:33,0
DA:36,0
DA:37,0
DA:38,0
DA:39,0
DA:41,0
DA:43,0
DA:45,0
DA:46,0
DA:47,0
DA:52,0
DA:53,0
DA:54,0
DA:55,0
DA:58,0
DA:61,0
DA:64,0
DA:65,0
DA:66,0
DA:67,0
DA:69,0
DA:71,0
DA:73,0
DA:74,0
DA:75,0
DA:80,0
DA:81,0
DA:82,0
DA:83,0
DA:86,0
DA:89,0
DA:92,0
DA:94,0
DA:96,0
DA:97,0
DA:101,0
DA:102,0
DA:103,0
DA:105,0
DA:113,0
DA:114,0
DA:115,0
DA:116,0
DA:117,0
DA:118,0
DA:119,0
DA:128,0
DA:129,0
DA:130,0
DA:132,0
DA:134,0
DA:135,0
DA:137,0
DA:138,0
DA:146,0
DA:147,0
DA:156,0
DA:159,0
DA:160,0
DA:161,0
DA:162,0
DA:163,0
DA:165,0
DA:166,0
DA:167,0
DA:168,0
DA:172,0
DA:173,0
DA:174,0
DA:175,0
DA:178,0
DA:179,0
DA:180,0
DA:181,0
DA:200,0
DA:208,0
DA:210,0
DA:211,0
DA:212,0
DA:213,0
DA:214,0
DA:215,0
DA:216,0
DA:218,0
DA:219,0
DA:222,0
DA:223,0
DA:226,0
DA:229,0
DA:231,0
DA:233,0
DA:234,0
DA:235,0
DA:236,0
DA:237,0
DA:239,0
DA:240,0
DA:241,0
DA:243,0
DA:245,0
DA:246,0
DA:248,0
DA:249,0
DA:250,0
DA:252,0
DA:253,0
DA:254,0
DA:260,0
DA:261,0
DA:263,0
DA:264,0
DA:266,0
DA:273,0
DA:275,0
DA:276,0
DA:277,0
DA:278,0
DA:279,0
DA:280,0
DA:291,0
DA:292,0
DA:293,0
DA:304,0
DA:305,0
DA:306,0
DA:307,0
DA:314,0
DA:315,0
DA:316,0
DA:317,0
DA:322,0
DA:323,0
LF:144
LH:1
end_of_record
SF:lib/features/message/data/models/message_api_models.dart
DA:11,0
DA:19,0
DA:20,0
DA:21,0
DA:22,0
DA:23,0
DA:24,0
DA:25,0
DA:26,0
DA:27,0
DA:31,0
DA:32,0
DA:41,0
DA:42,0
DA:43,0
DA:44,0
DA:45,0
DA:46,0
DA:47,0
DA:51,0
DA:52,0
DA:53,0
DA:54,0
DA:55,0
DA:56,0
DA:58,0
DA:68,0
DA:75,0
DA:76,0
DA:78,0
DA:79,0
DA:81,0
DA:82,0
DA:83,0
DA:84,0
DA:88,0
DA:89,0
DA:90,0
DA:91,0
DA:92,0
DA:93,0
DA:109,0
DA:121,0
DA:122,0
DA:123,0
DA:124,0
DA:126,0
DA:127,0
DA:128,0
DA:130,0
DA:131,0
DA:132,0
DA:134,0
DA:135,0
DA:136,0
DA:138,0
DA:140,0
DA:141,0
DA:142,0
DA:143,0
DA:144,0
DA:146,0
DA:147,0
DA:151,0
DA:152,0
DA:154,0
DA:155,0
DA:157,0
DA:158,0
DA:163,0
DA:164,0
DA:165,0
DA:166,0
DA:167,0
DA:168,0
DA:169,0
DA:170,0
DA:171,0
DA:172,0
DA:173,0
LF:80
LH:0
end_of_record
SF:lib/features/message/data/datasources/remote/message_remote_datasource.dart
DA:7,0
DA:8,0
DA:14,0
DA:16,0
DA:18,0
DA:19,0
DA:21,0
DA:24,0
DA:29,0
DA:31,0
DA:33,0
DA:35,0
DA:36,0
DA:39,0
DA:45,0
DA:46,0
DA:47,0
DA:49,0
DA:51,0
DA:52,0
DA:55,0
DA:60,0
DA:61,0
DA:62,0
DA:65,0
DA:68,0
DA:70,0
LF:27
LH:0
end_of_record
SF:lib/features/message/data/repositories/message_repository.dart
DA:13,0
DA:14,0
DA:15,0
DA:16,0
DA:17,0
DA:18,0
DA:29,0
DA:39,0
DA:40,0
DA:41,0
DA:42,0
DA:43,0
DA:46,0
DA:51,0
DA:52,0
DA:54,0
DA:55,0
DA:57,0
DA:58,0
DA:60,0
DA:62,0
DA:63,0
DA:64,0
DA:65,0
DA:66,0
DA:67,0
DA:68,0
DA:69,0
DA:72,0
DA:74,0
DA:75,0
DA:77,0
DA:78,0
DA:79,0
DA:83,0
DA:88,0
DA:94,0
DA:95,0
DA:96,0
DA:97,0
DA:98,0
DA:99,0
DA:100,0
DA:101,0
DA:102,0
DA:103,0
DA:104,0
DA:107,0
DA:108,0
DA:109,0
DA:112,0
DA:113,0
DA:114,0
DA:119,0
DA:123,0
DA:127,0
DA:128,0
DA:129,0
DA:134,0
DA:138,0
DA:142,0
DA:145,0
DA:146,0
DA:147,0
DA:148,0
DA:149,0
DA:150,0
DA:151,0
DA:155,0
DA:159,0
DA:165,0
DA:167,0
DA:170,0
DA:173,0
DA:175,0
DA:177,0
DA:182,0
DA:183,0
DA:184,0
DA:186,0
DA:188,0
DA:189,0
DA:190,0
DA:192,0
DA:193,0
DA:198,0
DA:200,0
DA:201,0
DA:205,0
DA:211,0
DA:216,0
DA:221,0
DA:222,0
DA:223,0
DA:224,0
DA:225,0
DA:226,0
DA:230,0
DA:234,0
DA:239,0
DA:244,0
DA:248,0
DA:249,0
DA:250,0
DA:251,0
DA:252,0
DA:253,0
DA:254,0
DA:258,0
DA:262,0
DA:266,0
DA:271,0
DA:273,0
DA:274,0
DA:275,0
DA:277,0
DA:278,0
DA:282,0
LF:118
LH:0
end_of_record
SF:lib/features/message/data/services/message_socket_service.dart
DA:10,0
DA:11,0
DA:17,0
DA:23,0
DA:25,0
DA:26,0
DA:28,0
DA:29,0
DA:31,0
DA:32,0
DA:33,0
DA:34,0
DA:35,0
DA:36,0
DA:37,0
DA:40,0
DA:41,0
DA:42,0
DA:45,0
DA:46,0
DA:47,0
DA:51,0
DA:54,0
DA:55,0
DA:56,0
DA:57,0
DA:60,0
DA:61,0
DA:62,0
DA:63,0
DA:66,0
DA:67,0
DA:68,0
DA:69,0
DA:72,0
DA:73,0
DA:74,0
LF:37
LH:0
end_of_record
SF:lib/features/message/domain/usecases/message_usecases.dart
DA:12,0
DA:13,0
DA:14,0
DA:21,0
DA:26,0
DA:27,0
DA:35,0
DA:41,0
DA:42,0
DA:49,0
DA:51,0
DA:52,0
DA:57,0
DA:58,0
DA:59,0
DA:62,0
DA:63,0
DA:64,0
DA:65,0
DA:69,0
DA:72,0
DA:73,0
DA:77,0
DA:78,0
DA:81,0
DA:82,0
DA:85,0
DA:86,0
DA:87,0
DA:88,0
DA:97,0
DA:100,0
DA:104,0
DA:113,0
DA:116,0
DA:120,0
DA:121,0
DA:122,0
DA:123,0
DA:132,0
DA:135,0
DA:137,0
DA:138,0
DA:139,0
DA:140,0
DA:149,0
DA:152,0
DA:154,0
DA:155,0
DA:156,0
DA:165,0
DA:168,0
DA:170,0
LF:53
LH:0
end_of_record
SF:lib/features/message/presentation/pages/chat_screen.dart
DA:15,0
DA:21,0
DA:22,0
DA:31,0
DA:33,0
DA:34,0
DA:35,0
DA:36,0
DA:37,0
DA:38,0
DA:39,0
DA:40,0
DA:41,0
DA:42,0
DA:43,0
DA:44,0
DA:45,0
DA:49,0
DA:51,0
DA:52,0
DA:53,0
DA:54,0
DA:55,0
DA:58,0
DA:59,0
DA:60,0
DA:61,0
DA:67,0
DA:68,0
DA:69,0
DA:71,0
DA:73,0
DA:74,0
DA:78,0
DA:80,0
DA:81,0
DA:82,0
DA:83,0
DA:87,0
DA:90,0
DA:91,0
DA:94,0
DA:95,0
DA:96,0
DA:97,0
DA:102,0
DA:103,0
DA:104,0
DA:110,0
DA:114,0
DA:117,0
DA:118,0
DA:119,0
DA:120,0
DA:124,0
DA:125,0
DA:126,0
DA:127,0
DA:129,0
DA:130,0
DA:135,0
DA:136,0
DA:139,0
DA:141,0
DA:142,0
DA:143,0
DA:144,0
DA:145,0
DA:146,0
DA:148,0
DA:149,0
DA:151,0
DA:153,0
DA:154,0
DA:155,0
DA:156,0
DA:157,0
DA:159,0
DA:162,0
DA:164,0
DA:169,0
DA:170,0
DA:171,0
DA:172,0
DA:174,0
DA:175,0
[...]
DA:187,0
DA:188,0
DA:191,0
DA:192,0
DA:194,0
DA:199,0
DA:201,0
DA:202,0
DA:203,0
DA:204,0
DA:205,0
DA:206,0
DA:208,0
DA:209,0
DA:210,0
DA:211,0
DA:212,0
DA:222,0
DA:223,0
DA:224,0
DA:245,0
DA:250,0
DA:251,0
DA:254,0
DA:255,0
DA:256,0
DA:257,0
DA:258,0
DA:259,0
DA:262,0
DA:263,0
DA:265,0
DA:266,0
DA:267,0
DA:277,0
DA:283,0
DA:284,0
DA:287,0
DA:291,0
DA:292,0
DA:296,0
DA:297,0
DA:298,0
DA:299,0
DA:308,0
DA:310,0
DA:312,0
DA:313,0
DA:314,0
DA:316,0
DA:318,0
DA:319,0
DA:320,0
DA:321,0
DA:322,0
DA:324,0
DA:325,0
DA:327,0
DA:329,0
DA:331,0
DA:333,0
DA:334,0
DA:335,0
DA:336,0
DA:338,0
DA:339,0
DA:340,0
DA:341,0
DA:342,0
DA:343,0
DA:352,0
DA:354,0
DA:355,0
DA:356,0
DA:357,0
DA:358,0
DA:366,0
DA:368,0
DA:371,0
DA:372,0
DA:373,0
DA:374,0
DA:375,0
DA:376,0
DA:378,0
DA:379,0
DA:380,0
DA:381,0
DA:383,0
DA:384,0
DA:385,0
DA:386,0
DA:387,0
DA:389,0
DA:391,0
DA:392,0
DA:394,0
DA:396,0
DA:397,0
DA:398,0
DA:399,0
DA:400,0
DA:403,0
DA:404,0
DA:406,0
DA:407,0
DA:412,0
DA:413,0
DA:415,0
DA:416,0
DA:430,0
DA:431,0
DA:436,0
DA:437,0
DA:438,0
DA:439,0
DA:440,0
DA:441,0
DA:444,0
DA:445,0
DA:446,0
DA:447,0
DA:448,0
DA:452,0
DA:453,0
DA:454,0
DA:457,0
DA:458,0
DA:460,0
DA:461,0
DA:462,0
DA:463,0
DA:464,0
DA:465,0
DA:468,0
DA:470,0
DA:471,0
DA:474,0
DA:475,0
DA:479,0
DA:481,0
DA:482,0
DA:483,0
DA:484,0
DA:485,0
LF:241
LH:0
end_of_record
SF:lib/features/notification/data/models/notification_api_model.dart
DA:11,3
DA:19,0
DA:20,0
DA:21,0
DA:22,0
DA:23,0
DA:24,0
DA:25,0
DA:26,0
DA:27,0
DA:40,0
DA:41,0
DA:42,0
DA:43,0
DA:44,0
DA:45,0
DA:46,0
DA:50,0
DA:51,0
DA:52,0
DA:53,0
DA:54,0
DA:55,0
DA:57,0
DA:73,0
DA:86,0
DA:87,0
DA:88,0
DA:90,0
DA:91,0
DA:92,0
DA:93,0
DA:94,0
DA:95,0
DA:96,0
DA:97,0
DA:98,0
DA:99,0
DA:100,0
DA:101,0
DA:102,0
DA:106,0
DA:107,0
DA:108,0
DA:109,0
DA:110,0
DA:111,0
DA:112,0
DA:113,0
DA:114,0
DA:115,0
DA:116,0
DA:117,0
LF:53
LH:1
end_of_record
SF:lib/features/notification/data/datasources/remote/notification_remote_datasource.dart
DA:7,0
DA:8,0
DA:9,0
DA:15,0
DA:18,0
DA:23,0
DA:25,0
DA:28,0
DA:30,0
DA:31,0
DA:34,0
DA:36,0
DA:37,0
DA:40,0
DA:42,0
LF:15
LH:0
end_of_record
SF:lib/features/notification/domain/entities/notification_entity.dart
DA:10,0
DA:18,0
DA:19,0
DA:21,0
DA:22,0
DA:37,0
DA:50,0
DA:51,0
DA:52,0
DA:53,0
DA:54,0
DA:55,0
DA:56,0
DA:57,0
DA:60,0
DA:61,0
DA:62,0
DA:63,0
DA:64,0
DA:65,0
DA:66,0
DA:67,0
DA:68,0
DA:69,0
DA:70,0
DA:71,0
DA:75,0
DA:76,0
DA:77,0
DA:78,0
DA:79,0
DA:80,0
DA:81,0
DA:82,0
DA:83,0
DA:84,0
DA:85,0
DA:86,0
LF:38
LH:0
end_of_record
SF:lib/features/notification/data/repositories/notification_repository.dart
DA:11,0
DA:12,0
DA:13,0
DA:14,0
DA:22,0
DA:28,0
DA:33,0
DA:38,0
DA:39,0
DA:40,0
DA:41,0
DA:42,0
DA:44,0
DA:45,0
DA:49,0
DA:53,0
DA:55,0
DA:60,0
DA:61,0
DA:62,0
DA:63,0
DA:64,0
DA:65,0
DA:66,0
DA:70,0
DA:74,0
DA:76,0
DA:81,0
DA:83,0
DA:84,0
DA:85,0
DA:86,0
DA:87,0
DA:91,0
LF:34
LH:0
end_of_record
SF:lib/features/notification/data/services/notification_socket_service.dart
DA:10,0
DA:11,0
DA:12,0
DA:18,0
DA:24,0
DA:26,0
DA:27,0
DA:29,0
DA:30,0
DA:32,0
DA:33,0
DA:34,0
DA:35,0
DA:36,0
DA:37,0
DA:38,0
DA:41,0
DA:42,0
DA:43,0
DA:44,0
DA:48,0
DA:49,0
DA:50,0
DA:51,0
DA:52,0
DA:56,0
DA:59,0
DA:60,0
DA:61,0
DA:62,0
DA:65,0
DA:66,0
DA:67,0
LF:33
LH:0
end_of_record
SF:lib/features/notification/data/services/notification_sound_service.dart
DA:4,0
DA:7,0
DA:8,0
DA:18,0
DA:20,0
DA:21,0
DA:22,0
DA:23,0
DA:26,0
DA:27,0
DA:33,0
DA:34,0
LF:12
LH:0
end_of_record
SF:lib/features/notification/domain/usecases/notification_usecases.dart
DA:14,0
DA:16,0
DA:17,0
DA:22,0
DA:24,0
DA:25,0
DA:28,0
DA:29,0
DA:32,0
DA:35,0
DA:36,0
DA:40,0
DA:41,0
DA:42,0
DA:43,0
DA:51,0
DA:54,0
DA:58,0
DA:66,0
DA:69,0
DA:73,0
DA:81,0
DA:84,0
DA:86,0
LF:24
LH:0
end_of_record
SF:lib/features/onboarding/presentation/pages/onboarding_one.dart
DA:6,3
DA:8,2
DA:9,2
DA:13,2
DA:15,6
DA:16,4
DA:18,2
DA:22,1
DA:23,0
DA:24,2
DA:26,2
DA:28,2
DA:29,1
DA:30,0
DA:31,2
DA:42,2
DA:49,2
DA:50,2
DA:51,2
DA:53,2
DA:56,2
DA:60,2
DA:61,2
DA:62,2
DA:70,2
DA:72,2
DA:74,2
DA:75,2
DA:76,2
DA:79,2
DA:83,2
DA:84,2
DA:85,2
DA:96,2
DA:98,2
DA:100,2
DA:103,0
DA:104,0
DA:106,0
DA:116,0
DA:122,0
DA:124,0
DA:125,0
DA:126,0
DA:127,0
DA:130,0
DA:131,0
DA:133,0
DA:137,0
DA:138,0
DA:139,0
DA:149,0
DA:151,0
DA:160,0
DA:162,0
DA:165,0
DA:166,0
DA:168,0
DA:169,0
DA:181,0
LF:60
LH:34
end_of_record
SF:lib/features/onboarding/presentation/pages/onboarding_two.dart
DA:6,3
DA:8,1
DA:9,1
DA:13,1
DA:15,3
DA:16,2
DA:18,1
DA:22,0
DA:23,0
DA:24,1
DA:26,1
DA:28,1
DA:29,0
DA:30,0
DA:31,1
DA:43,1
DA:50,1
DA:51,1
DA:52,1
DA:54,1
DA:57,1
DA:61,1
DA:62,1
DA:63,1
DA:71,1
DA:73,1
DA:75,1
DA:76,1
DA:77,1
DA:80,1
DA:84,1
DA:85,1
DA:86,1
DA:97,1
DA:99,1
DA:101,1
DA:104,0
DA:105,0
DA:107,0
DA:118,0
DA:124,0
DA:126,0
DA:127,0
DA:128,0
DA:129,0
DA:132,0
DA:133,0
DA:135,0
DA:139,0
DA:140,0
DA:141,0
DA:151,0
DA:153,0
DA:162,0
DA:164,0
DA:167,0
DA:168,0
DA:170,0
DA:171,0
DA:183,0
LF:60
LH:32
end_of_record
SF:lib/features/onboarding/presentation/pages/onboarding_three.dart
DA:7,3
DA:9,1
DA:10,1
DA:14,1
DA:16,3
DA:17,2
DA:19,1
DA:23,0
DA:24,0
DA:25,1
DA:27,1
DA:29,1
DA:30,0
DA:31,0
DA:32,1
DA:43,1
DA:50,1
DA:51,1
DA:52,1
DA:54,1
DA:57,1
DA:61,1
DA:62,1
DA:63,1
DA:71,1
DA:73,2
DA:75,1
DA:76,1
DA:77,1
DA:80,1
DA:84,1
DA:85,1
DA:86,1
DA:95,1
DA:97,1
DA:99,1
DA:101,1
DA:104,0
DA:105,0
DA:107,0
DA:117,0
DA:123,0
DA:125,0
DA:126,0
DA:127,0
DA:128,0
DA:131,0
DA:132,0
DA:134,0
DA:138,0
DA:139,0
DA:140,0
DA:150,0
DA:152,0
DA:161,0
DA:163,0
DA:177,0
DA:178,0
DA:179,0
DA:181,0
DA:183,0
DA:185,0
DA:186,0
DA:197,0
LF:64
LH:33
end_of_record
SF:lib/features/post/data/datasources/remote/post_remote_datasource.dart
DA:10,0
DA:11,0
DA:15,0
DA:19,0
DA:21,0
DA:23,0
DA:27,0
DA:29,0
DA:30,0
DA:33,0
DA:35,0
DA:36,0
DA:37,0
DA:40,0
DA:41,0
DA:42,0
DA:46,0
DA:47,0
DA:48,0
DA:50,0
DA:55,0
DA:58,0
DA:62,0
DA:68,0
DA:69,0
DA:70,0
DA:73,0
DA:74,0
DA:77,0
DA:78,0
DA:79,0
DA:81,0
DA:86,0
DA:87,0
DA:89,0
DA:92,0
DA:93,0
DA:96,0
DA:98,0
DA:101,0
DA:103,0
DA:104,0
DA:105,0
DA:108,0
DA:110,0
DA:112,0
DA:115,0
DA:116,0
DA:118,0
DA:121,0
DA:126,0
DA:127,0
DA:128,0
DA:132,0
DA:137,0
LF:55
LH:0
end_of_record
SF:lib/features/post/data/repositories/post_repository.dart
DA:15,0
DA:16,0
DA:17,0
DA:18,0
DA:19,0
DA:20,0
DA:25,0
DA:41,0
DA:42,0
DA:43,0
DA:44,0
DA:45,0
DA:48,0
DA:49,0
DA:50,0
DA:52,0
DA:53,0
DA:55,0
DA:56,0
DA:57,0
DA:58,0
DA:59,0
DA:60,0
DA:61,0
DA:62,0
DA:63,0
DA:64,0
DA:65,0
DA:66,0
DA:67,0
DA:68,0
DA:69,0
DA:70,0
DA:72,0
DA:73,0
DA:74,0
DA:75,0
DA:76,0
DA:77,0
DA:81,0
DA:86,0
DA:92,0
DA:93,0
DA:94,0
DA:95,0
DA:96,0
DA:97,0
DA:98,0
DA:99,0
DA:100,0
DA:101,0
DA:102,0
DA:103,0
DA:104,0
DA:105,0
DA:106,0
DA:109,0
DA:110,0
DA:113,0
DA:117,0
DA:118,0
DA:119,0
DA:120,0
DA:125,0
DA:131,0
DA:133,0
DA:137,0
DA:140,0
DA:142,0
DA:144,0
DA:149,0
DA:150,0
DA:151,0
DA:153,0
DA:155,0
DA:156,0
DA:157,0
DA:158,0
DA:159,0
DA:164,0
DA:166,0
DA:167,0
DA:171,0
DA:177,0
DA:178,0
DA:179,0
DA:183,0
DA:188,0
DA:193,0
DA:197,0
DA:199,0
DA:200,0
DA:201,0
DA:202,0
DA:203,0
DA:207,0
DA:211,0
DA:217,0
DA:222,0
DA:227,0
DA:228,0
DA:229,0
DA:230,0
DA:231,0
DA:232,0
DA:233,0
DA:237,0
DA:241,0
DA:243,0
DA:248,0
DA:249,0
DA:251,0
DA:252,0
DA:253,0
DA:254,0
DA:255,0
DA:259,0
DA:263,0
DA:265,0
DA:270,0
DA:271,0
DA:272,0
DA:273,0
DA:274,0
DA:275,0
DA:276,0
DA:277,0
DA:281,0
DA:285,0
DA:289,0
DA:294,0
DA:295,0
DA:296,0
DA:297,0
DA:298,0
DA:299,0
DA:300,0
DA:304,0
DA:308,0
DA:313,0
DA:318,0
DA:319,0
DA:321,0
DA:322,0
DA:323,0
DA:324,0
DA:325,0
DA:329,0
DA:333,0
DA:338,0
DA:343,0
DA:347,0
DA:349,0
DA:350,0
DA:351,0
DA:352,0
DA:353,0
DA:357,0
LF:158
LH:0
end_of_record
SF:lib/features/post/domain/usecases/create_post_comment_usecase.dart
DA:13,0
DA:15,0
DA:16,0
DA:19,0
DA:22,0
DA:27,0
DA:32,0
DA:34,0
LF:8
LH:0
end_of_record
SF:lib/features/post/domain/usecases/create_post_usecase.dart
DA:15,0
DA:17,0
DA:18,0
DA:21,0
DA:22,0
DA:26,0
DA:31,0
DA:33,0
DA:34,0
DA:35,0
LF:10
LH:0
end_of_record
SF:lib/features/post/domain/usecases/delete_post_comment_usecase.dart
DA:13,0
DA:18,0
DA:19,0
DA:22,0
DA:25,0
DA:30,0
DA:35,0
DA:37,0
DA:38,0
DA:39,0
LF:10
LH:0
end_of_record
SF:lib/features/post/domain/usecases/delete_post_usecase.dart
DA:12,0
DA:14,0
DA:15,0
DA:18,0
DA:19,0
DA:23,0
DA:28,0
DA:30,0
LF:8
LH:0
end_of_record
SF:lib/features/post/domain/usecases/get_my_posts_usecase.dart
DA:15,0
DA:17,0
DA:18,0
DA:21,0
DA:22,0
DA:27,0
DA:32,0
DA:34,0
DA:35,0
DA:36,0
DA:37,0
LF:11
LH:0
end_of_record
SF:lib/features/post/domain/usecases/get_post_comments_usecase.dart
DA:13,0
DA:15,0
DA:16,0
DA:19,0
DA:20,0
DA:26,0
DA:31,0
DA:35,0
LF:8
LH:0
end_of_record
SF:lib/features/post/domain/usecases/get_posts_usecase.dart
DA:15,0
DA:21,0
DA:22,0
DA:25,0
DA:26,0
DA:31,0
DA:36,0
DA:38,0
DA:39,0
DA:40,0
DA:41,0
LF:11
LH:0
end_of_record
SF:lib/features/post/domain/usecases/like_post_usecase.dart
DA:13,0
DA:15,0
DA:16,0
DA:19,0
DA:20,0
DA:24,0
DA:29,0
DA:31,0
LF:8
LH:0
end_of_record
SF:lib/features/post/domain/usecases/update_post_usecase.dart
DA:17,0
DA:19,0
DA:20,0
DA:23,0
DA:24,0
DA:29,0
DA:34,0
DA:36,0
DA:37,0
DA:38,0
DA:39,0
LF:11
LH:0
end_of_record
SF:lib/features/profile/presentation/widgets/friend_card_widget.dart
DA:116,1
DA:123,1
DA:125,3
DA:126,2
DA:128,1
DA:131,1
DA:132,1
DA:133,0
DA:134,0
DA:140,6
DA:141,3
DA:142,3
DA:144,1
DA:145,1
DA:147,1
DA:148,1
DA:149,1
DA:150,1
DA:154,0
DA:155,1
DA:157,1
DA:159,0
DA:162,1
DA:163,1
DA:164,1
DA:170,1
DA:171,2
DA:172,1
DA:173,1
DA:174,1
DA:175,1
DA:176,1
DA:178,1
DA:180,0
DA:183,1
DA:184,2
DA:191,1
DA:194,1
DA:197,1
DA:200,1
DA:212,1
DA:213,1
DA:215,1
DA:216,1
DA:220,1
DA:226,1
DA:231,1
DA:233,0
DA:235,1
DA:237,1
DA:238,3
DA:239,1
DA:240,1
DA:241,1
DA:249,1
DA:251,1
DA:252,2
DA:253,1
DA:255,1
DA:256,1
DA:264,1
DA:265,1
DA:266,1
DA:272,1
DA:273,1
DA:275,1
DA:280,1
DA:282,1
DA:298,1
DA:299,0
DA:300,0
DA:301,0
DA:302,0
DA:303,0
DA:305,0
LF:75
LH:63
end_of_record
SF:lib/features/profile/presentation/widgets/edit_profile_widget.dart
DA:14,1
DA:22,1
DA:23,1
DA:32,1
DA:34,1
DA:35,4
DA:36,4
DA:37,4
DA:40,1
DA:42,3
DA:43,3
DA:44,1
DA:46,1
DA:47,2
DA:48,1
DA:51,1
DA:53,1
DA:54,1
DA:55,1
DA:61,1
DA:62,0
DA:68,1
DA:69,1
DA:71,1
DA:74,1
DA:75,1
DA:78,1
DA:82,1
DA:83,1
DA:85,1
DA:88,1
DA:89,1
DA:92,1
DA:96,1
DA:97,1
DA:99,1
DA:102,1
DA:103,1
DA:106,1
DA:110,1
DA:111,1
DA:112,1
DA:113,1
DA:114,0
DA:115,1
DA:117,1
DA:118,1
DA:125,1
DA:126,1
DA:127,1
DA:129,1
DA:130,3
DA:131,3
DA:132,3
DA:133,1
DA:134,1
DA:135,1
DA:136,2
DA:144,3
DA:145,3
DA:150,1
DA:151,3
DA:153,1
DA:156,1
DA:160,1
DA:161,1
DA:164,2
DA:175,1
DA:177,2
DA:178,2
DA:179,2
DA:180,1
LF:72
LH:70
end_of_record
SF:lib/features/profile/presentation/widgets/side_nav_widget.dart
DA:15,1
DA:27,1
DA:29,3
DA:31,1
DA:32,1
DA:33,0
DA:34,1
DA:36,1
DA:38,1
DA:39,1
DA:40,1
DA:46,2
DA:47,1
DA:48,1
DA:52,3
DA:58,1
DA:59,1
DA:61,1
DA:62,1
DA:65,2
DA:69,0
DA:70,0
DA:77,1
DA:78,1
DA:80,1
DA:81,1
DA:84,2
DA:88,0
DA:89,0
DA:90,0
DA:95,1
DA:96,1
DA:98,1
DA:99,1
DA:102,2
DA:106,0
DA:107,0
DA:108,0
DA:113,1
DA:114,1
DA:116,1
DA:117,1
DA:120,2
DA:124,0
DA:125,0
DA:126,0
DA:131,1
DA:132,1
DA:134,1
DA:135,1
DA:138,2
DA:142,0
DA:143,0
DA:144,0
DA:150,1
DA:151,1
DA:153,1
DA:154,1
DA:157,2
DA:161,0
DA:162,0
DA:163,0
DA:180,0
DA:181,0
DA:183,0
DA:186,0
DA:187,0
DA:188,0
DA:189,0
DA:192,0
DA:193,0
DA:194,0
DA:195,0
DA:197,0
LF:74
LH:44
end_of_record
SF:lib/features/search/domain/entities/search_user_entity.dart
DA:12,1
DA:22,5
DA:24,0
DA:25,0
DA:26,0
DA:27,0
DA:28,0
DA:29,0
DA:30,0
DA:31,0
DA:32,0
LF:11
LH:2
end_of_record
SF:lib/features/search/domain/usecases/search_users_usecase.dart
DA:15,0
DA:17,0
DA:18,0
DA:21,0
DA:22,0
DA:29,0
DA:32,0
DA:36,0
DA:37,0
DA:38,0
DA:39,0
LF:11
LH:0
end_of_record
SF:lib/features/settings/presentation/widgets/app_settings_sheet.dart
DA:6,3
DA:8,0
DA:10,0
DA:11,0
DA:17,0
DA:18,0
DA:20,0
DA:26,0
DA:28,0
DA:30,0
DA:32,0
DA:33,0
DA:36,0
DA:38,0
DA:39,0
DA:40,0
DA:44,0
DA:45,0
DA:46,0
DA:49,0
DA:53,0
DA:55,0
DA:75,0
DA:80,0
DA:82,0
DA:83,0
DA:84,0
DA:85,0
DA:87,0
DA:88,0
DA:91,0
DA:92,0
DA:93,0
DA:94,0
DA:96,0
DA:97,0
DA:99,0
DA:108,0
DA:109,0
DA:110,0
DA:116,0
DA:130,0
DA:149,0
DA:150,0
DA:151,0
DA:152,0
DA:155,0
DA:156,0
DA:157,0
DA:159,0
DA:165,0
DA:167,0
DA:168,0
DA:169,0
DA:171,0
DA:172,0
DA:173,0
LF:57
LH:1
end_of_record
SF:lib/features/settings/presentation/state/theme_mode_provider.dart
DA:18,0
DA:26,0
DA:34,0
DA:35,0
DA:36,0
DA:37,0
DA:38,0
DA:39,0
DA:44,0
DA:58,0
DA:60,0
DA:61,0
DA:62,0
DA:63,0
DA:64,0
DA:66,0
DA:74,0
DA:75,0
DA:81,0
DA:82,0
DA:83,0
DA:85,0
DA:86,0
DA:87,0
DA:91,0
DA:92,0
DA:94,0
DA:100,0
DA:101,0
DA:104,0
DA:105,0
DA:106,0
DA:110,0
DA:112,0
DA:114,0
DA:122,0
DA:124,0
DA:126,0
DA:128,0
DA:130,0
DA:131,0
DA:137,0
DA:138,0
DA:139,0
DA:140,0
DA:141,0
DA:142,0
DA:143,0
DA:146,0
DA:147,0
DA:150,0
DA:156,0
DA:162,0
DA:163,0
DA:164,0
DA:166,0
DA:169,0
DA:174,0
DA:175,0
DA:176,0
DA:178,0
DA:179,0
DA:186,0
DA:187,0
DA:188,0
DA:191,0
DA:199,0
DA:202,0
DA:203,0
DA:204,0
DA:205,0
DA:206,0
DA:207,0
DA:208,0
DA:210,0
DA:211,0
DA:212,0
DA:215,0
DA:216,0
DA:218,0
DA:219,0
DA:220,0
DA:221,0
DA:222,0
DA:225,0
DA:228,0
DA:229,0
DA:230,0
DA:231,0
LF:89
LH:0
end_of_record
SF:lib/features/report/data/datasources/remote/report_remote_datasource.dart
DA:9,0
DA:10,0
DA:16,0
DA:19,0
DA:21,0
DA:22,0
DA:23,0
DA:27,0
DA:29,0
DA:30,0
DA:31,0
DA:35,0
DA:40,0
DA:41,0
DA:42,0
DA:46,0
DA:51,0
DA:53,0
DA:55,0
DA:56,0
DA:60,0
DA:62,0
DA:63,0
DA:64,0
DA:68,0
DA:72,0
DA:74,0
DA:76,0
DA:77,0
DA:81,0
DA:83,0
DA:84,0
DA:86,0
DA:87,0
DA:88,0
DA:92,0
DA:94,0
DA:95,0
DA:96,0
DA:100,0
DA:105,0
DA:106,0
DA:107,0
LF:43
LH:0
end_of_record
SF:lib/features/report/data/models/create_report_api_model.dart
DA:9,0
DA:16,0
DA:17,0
DA:18,0
DA:19,0
DA:20,0
DA:21,0
DA:22,0
DA:23,0
DA:24,0
DA:28,0
DA:29,0
DA:30,0
DA:31,0
DA:32,0
DA:33,0
LF:16
LH:0
end_of_record
SF:lib/features/report/data/models/report_record_api_model.dart
DA:21,0
DA:40,0
DA:42,0
DA:43,0
DA:44,0
DA:45,0
DA:46,0
DA:49,0
DA:50,0
DA:52,0
DA:53,0
DA:54,0
DA:55,0
DA:57,0
DA:58,0
DA:59,0
DA:60,0
DA:61,0
DA:63,0
DA:64,0
DA:65,0
DA:66,0
DA:68,0
DA:69,0
DA:70,0
DA:71,0
DA:72,0
DA:73,0
DA:74,0
DA:75,0
DA:79,0
DA:80,0
DA:81,0
DA:82,0
DA:83,0
DA:84,0
DA:85,0
DA:86,0
DA:87,0
DA:88,0
DA:89,0
DA:90,0
DA:91,0
DA:92,0
DA:93,0
DA:94,0
DA:95,0
DA:96,0
DA:100,0
DA:102,0
DA:103,0
DA:104,0
DA:106,0
DA:109,0
DA:111,0
DA:112,0
DA:115,0
DA:116,0
DA:125,0
DA:130,0
DA:131,0
DA:132,0
DA:133,0
DA:134,0
DA:136,0
DA:138,0
DA:139,0
DA:140,0
DA:141,0
DA:142,0
DA:144,0
DA:146,0
DA:147,0
DA:148,0
DA:149,0
DA:153,0
DA:158,0
DA:159,0
DA:160,0
DA:161,0
DA:165,0
DA:166,0
DA:167,0
DA:180,0
DA:189,0
DA:190,0
DA:191,0
DA:193,0
DA:195,0
DA:196,0
DA:197,0
DA:198,0
DA:199,0
DA:205,0
DA:206,0
DA:207,0
DA:208,0
DA:209,0
DA:210,0
DA:211,0
DA:215,0
DA:216,0
DA:217,0
DA:218,0
DA:219,0
DA:220,0
DA:221,0
DA:222,0
LF:108
LH:0
end_of_record
SF:lib/features/report/domain/entities/report_entity.dart
DA:24,0
DA:26,0
DA:28,0
DA:30,0
DA:32,0
DA:34,0
DA:36,0
DA:38,0
DA:40,0
DA:42,0
DA:47,0
DA:49,0
DA:51,0
DA:53,0
DA:55,0
DA:57,0
DA:59,0
DA:61,0
DA:63,0
DA:65,0
DA:70,0
DA:71,0
DA:72,0
DA:74,0
DA:76,0
DA:78,0
DA:80,0
DA:82,0
DA:84,0
DA:86,0
DA:95,0
DA:97,0
DA:99,0
DA:101,0
DA:103,0
DA:108,0
DA:110,0
DA:112,0
DA:114,0
DA:116,0
DA:121,0
DA:122,0
DA:123,0
DA:125,0
DA:127,0
DA:136,0
DA:138,0
DA:140,0
DA:142,0
DA:144,0
DA:149,0
DA:150,0
DA:151,0
DA:153,0
DA:155,0
DA:156,0
DA:165,0
DA:167,0
DA:169,0
DA:171,0
DA:173,0
DA:175,0
DA:177,0
DA:182,0
DA:183,0
DA:184,0
DA:186,0
DA:188,0
DA:190,0
DA:192,0
DA:201,0
DA:203,0
DA:205,0
DA:207,0
DA:209,0
DA:211,0
DA:216,0
DA:217,0
DA:218,0
DA:220,0
DA:222,0
DA:224,0
DA:238,0
DA:245,0
DA:246,0
DA:247,0
DA:248,0
DA:249,0
DA:251,0
DA:252,0
DA:253,0
DA:254,0
DA:259,0
DA:260,0
DA:281,0
DA:300,0
DA:301,0
DA:302,0
DA:303,0
DA:304,0
DA:305,0
DA:306,0
DA:307,0
DA:308,0
DA:309,0
DA:310,0
DA:311,0
DA:312,0
DA:313,0
DA:314,0
DA:315,0
DA:316,0
DA:317,0
DA:327,0
DA:334,0
DA:335,0
DA:342,0
DA:347,0
DA:348,0
DA:359,0
DA:368,0
DA:376,0
DA:377,0
DA:378,0
DA:379,0
DA:380,0
DA:381,0
DA:382,0
DA:383,0
DA:396,0
DA:406,0
DA:407,0
DA:408,0
DA:409,0
DA:410,0
DA:411,0
DA:412,0
DA:413,0
DA:414,0
DA:415,0
DA:416,0
DA:420,0
DA:421,0
DA:422,0
DA:423,0
DA:424,0
DA:425,0
DA:426,0
DA:427,0
DA:428,0
DA:438,0
DA:445,0
DA:446,0
DA:447,0
DA:448,0
DA:449,0
DA:450,0
DA:451,0
DA:455,0
DA:456,0
DA:457,0
DA:458,0
DA:459,0
DA:460,0
LF:164
LH:0
end_of_record
SF:lib/features/report/data/repositories/report_repository.dart
DA:12,0
DA:13,0
DA:14,0
DA:15,0
DA:23,0
DA:29,0
DA:33,0
DA:38,0
DA:39,0
DA:40,0
DA:41,0
DA:43,0
DA:44,0
DA:46,0
DA:47,0
DA:49,0
DA:53,0
DA:57,0
DA:62,0
DA:63,0
DA:65,0
DA:70,0
DA:73,0
DA:78,0
DA:79,0
DA:81,0
DA:86,0
DA:89,0
DA:94,0
DA:95,0
DA:97,0
DA:102,0
DA:105,0
DA:110,0
DA:111,0
DA:115,0
DA:118,0
DA:120,0
DA:121,0
DA:125,0
DA:128,0
DA:132,0
DA:133,0
DA:137,0
DA:140,0
DA:144,0
DA:145,0
DA:149,0
DA:152,0
DA:157,0
DA:158,0
DA:162,0
DA:165,0
DA:170,0
DA:171,0
DA:175,0
LF:56
LH:0
end_of_record
SF:lib/features/report/domain/usecases/report_usecases.dart
DA:14,0
DA:16,0
DA:17,0
DA:24,0
DA:26,0
DA:27,0
DA:34,0
DA:39,0
DA:40,0
DA:47,0
DA:52,0
DA:53,0
DA:56,0
DA:57,0
DA:60,0
DA:61,0
DA:64,0
DA:65,0
DA:68,0
DA:69,0
DA:72,0
DA:73,0
DA:74,0
DA:75,0
DA:80,0
DA:81,0
DA:84,0
DA:87,0
DA:88,0
DA:92,0
DA:95,0
DA:96,0
DA:100,0
DA:103,0
DA:104,0
DA:111,0
DA:114,0
DA:116,0
DA:123,0
DA:126,0
DA:128,0
DA:136,0
DA:139,0
DA:141,0
DA:150,0
DA:153,0
DA:157,0
DA:165,0
DA:168,0
DA:170,0
DA:179,0
DA:182,0
DA:186,0
DA:194,0
DA:197,0
DA:199,0
DA:207,0
DA:210,0
DA:212,0
DA:220,0
DA:223,0
DA:225,0
LF:62
LH:0
end_of_record
SF:lib/features/report/presentation/state/report_state.dart
DA:9,0
DA:11,3
DA:15,0
DA:16,0
DA:17,0
DA:22,0
DA:23,0
LF:7
LH:1
end_of_record
SF:lib/features/search/data/datasources/remote/search_remote_datasource.dart
DA:7,0
DA:8,0
DA:14,0
DA:17,0
DA:23,0
DA:25,0
DA:26,0
DA:27,0
DA:28,0
DA:32,0
DA:34,0
DA:35,0
DA:37,0
LF:13
LH:0
end_of_record
SF:lib/features/search/data/models/search_user_api_model.dart
DA:12,0
DA:22,0
DA:23,0
DA:24,0
DA:25,0
DA:26,0
DA:27,0
DA:28,0
DA:29,0
DA:30,0
DA:34,0
DA:35,0
DA:36,0
DA:37,0
DA:38,0
DA:39,0
DA:40,0
DA:41,0
DA:42,0
LF:19
LH:0
end_of_record
SF:lib/features/search/data/repositories/search_repository.dart
DA:12,0
DA:13,0
DA:14,0
DA:15,0
DA:16,0
DA:25,0
DA:35,0
DA:40,0
DA:43,0
DA:49,0
DA:50,0
DA:52,0
DA:53,0
DA:55,0
DA:56,0
DA:57,0
DA:58,0
DA:59,0
DA:60,0
DA:61,0
DA:62,0
DA:63,0
DA:64,0
DA:67,0
DA:72,0
DA:78,0
DA:79,0
DA:81,0
DA:82,0
DA:83,0
DA:84,0
DA:85,0
DA:86,0
DA:87,0
DA:88,0
DA:89,0
DA:92,0
DA:96,0
DA:102,0
DA:108,0
DA:109,0
DA:112,0
DA:113,0
DA:118,0
DA:123,0
DA:124,0
DA:130,0
DA:131,0
DA:132,0
DA:133,0
DA:134,0
DA:135,0
DA:136,0
DA:140,0
DA:141,0
LF:55
LH:0
end_of_record
SF:lib/features/search/presentation/state/search_state.dart
DA:11,0
DA:17,3
DA:22,0
DA:27,0
DA:28,0
DA:29,0
DA:34,0
DA:35,0
LF:8
LH:1
end_of_record
SF:lib/features/search/presentation/view_model/search_view_model.dart
DA:5,0
DA:12,0
DA:14,0
DA:18,0
DA:23,0
DA:24,0
DA:25,0
DA:29,0
DA:31,0
DA:32,0
DA:35,0
DA:36,0
DA:37,0
DA:39,0
DA:43,0
DA:44,0
DA:53,0
DA:54,0
LF:18
LH:0
end_of_record
SF:lib/features/sensor/data/services/ambient_light_service.dart
DA:6,0
LF:1
LH:0
end_of_record
SF:lib/features/splash/presentation/pages/splash_screen.dart
DA:18,0
DA:20,1
DA:21,1
DA:30,1
DA:32,1
DA:34,2
DA:39,3
DA:40,2
DA:43,2
DA:45,2
DA:46,1
DA:49,1
DA:50,3
DA:51,1
DA:52,2
DA:54,0
DA:55,0
DA:56,1
DA:58,2
DA:59,1
DA:60,1
DA:63,1
DA:66,0
DA:68,2
DA:72,0
DA:73,0
DA:74,0
DA:75,0
DA:76,0
DA:77,0
DA:78,0
DA:80,0
DA:81,0
DA:82,0
DA:85,0
DA:86,0
DA:88,0
DA:90,0
DA:94,0
DA:95,0
DA:96,0
DA:97,0
DA:98,0
DA:99,0
DA:100,0
DA:101,0
DA:103,0
DA:105,0
DA:106,0
DA:107,0
DA:108,0
DA:113,1
DA:115,2
DA:116,2
DA:117,1
DA:120,1
DA:122,1
DA:124,1
DA:125,1
DA:126,1
DA:127,1
DA:128,1
DA:129,1
DA:131,1
DA:134,0
DA:137,0
DA:138,1
DA:139,1
DA:141,1
DA:142,1
DA:143,1
DA:145,1
DA:146,1
DA:147,1
DA:149,1
DA:150,1
DA:151,1
DA:152,1
DA:153,1
DA:155,1
DA:156,1
DA:157,1
DA:163,1
DA:170,1
DA:171,1
DA:174,1
DA:178,1
DA:179,1
DA:180,1
DA:186,1
DA:187,1
DA:190,1
DA:194,1
DA:195,1
DA:196,1
DA:206,1
DA:208,1
DA:209,1
DA:210,1
DA:213,1
DA:215,1
DA:216,1
DA:217,1
DA:218,2
DA:219,1
LF:105
LH:72
end_of_record
